{
  _id: 'dd29c06e-fc08-4066-9a03-9c8709f17c11',
  class: 'ErrorHttpFilter',
  function: 'catch',
  path: '/',
  data: NotFoundException: Cannot GET /
      at callback (/Users/mac/Downloads/apec.minigame.api-develop/node_modules/@nestjs/core/router/routes-resolver.js:77:19)
      at /Users/mac/Downloads/apec.minigame.api-develop/node_modules/@nestjs/core/router/router-proxy.js:9:23
      at Layer.handle [as handle_request] (/Users/mac/Downloads/apec.minigame.api-develop/node_modules/express/lib/router/layer.js:95:5)
      at trim_prefix (/Users/mac/Downloads/apec.minigame.api-develop/node_modules/express/lib/router/index.js:328:13)
      at /Users/mac/Downloads/apec.minigame.api-develop/node_modules/express/lib/router/index.js:286:9
      at Function.process_params (/Users/mac/Downloads/apec.minigame.api-develop/node_modules/express/lib/router/index.js:346:12)
      at next (/Users/mac/Downloads/apec.minigame.api-develop/node_modules/express/lib/router/index.js:280:10)
      at I18nMiddleware.use (/Users/mac/Downloads/apec.minigame.api-develop/node_modules/nestjs-i18n/src/middlewares/i18n.middleware.ts:63:5)
      at processTicksAndRejections (internal/process/task_queues.js:93:5)
      at /Users/mac/Downloads/apec.minigame.api-develop/node_modules/@nestjs/core/router/router-proxy.js:9:17 {
    response: { statusCode: 404, message: 'Cannot GET /', error: 'Not Found' },
    status: 404
  },
  level: 'error',
  message: 'Cannot GET /',
  timestamp: '2023-03-28T05:53:39.718Z'
}
{
  _id: 'dfdf4263-8c83-4c2e-ad3b-23c2ede19791',
  class: 'ErrorHttpFilter',
  function: 'catch',
  path: '/',
  data: NotFoundException: Cannot GET /
      at callback (/Users/mac/Downloads/apec.minigame.api-develop/node_modules/@nestjs/core/router/routes-resolver.js:77:19)
      at /Users/mac/Downloads/apec.minigame.api-develop/node_modules/@nestjs/core/router/router-proxy.js:9:23
      at Layer.handle [as handle_request] (/Users/mac/Downloads/apec.minigame.api-develop/node_modules/express/lib/router/layer.js:95:5)
      at trim_prefix (/Users/mac/Downloads/apec.minigame.api-develop/node_modules/express/lib/router/index.js:328:13)
      at /Users/mac/Downloads/apec.minigame.api-develop/node_modules/express/lib/router/index.js:286:9
      at Function.process_params (/Users/mac/Downloads/apec.minigame.api-develop/node_modules/express/lib/router/index.js:346:12)
      at next (/Users/mac/Downloads/apec.minigame.api-develop/node_modules/express/lib/router/index.js:280:10)
      at I18nMiddleware.use (/Users/mac/Downloads/apec.minigame.api-develop/node_modules/nestjs-i18n/src/middlewares/i18n.middleware.ts:63:5)
      at processTicksAndRejections (internal/process/task_queues.js:93:5)
      at /Users/mac/Downloads/apec.minigame.api-develop/node_modules/@nestjs/core/router/router-proxy.js:9:17 {
    response: { statusCode: 404, message: 'Cannot GET /', error: 'Not Found' },
    status: 404
  },
  level: 'error',
  message: 'Cannot GET /',
  timestamp: '2023-03-28T05:54:27.861Z'
}
{
  _id: 'ce9eda5a-16fa-435b-bfce-27d33a8d30e8',
  class: 'ErrorHttpFilter',
  function: 'catch',
  path: '/',
  data: NotFoundException: Cannot GET /
      at callback (/Users/mac/Downloads/apec.minigame.api-develop/node_modules/@nestjs/core/router/routes-resolver.js:77:19)
      at /Users/mac/Downloads/apec.minigame.api-develop/node_modules/@nestjs/core/router/router-proxy.js:9:23
      at Layer.handle [as handle_request] (/Users/mac/Downloads/apec.minigame.api-develop/node_modules/express/lib/router/layer.js:95:5)
      at trim_prefix (/Users/mac/Downloads/apec.minigame.api-develop/node_modules/express/lib/router/index.js:328:13)
      at /Users/mac/Downloads/apec.minigame.api-develop/node_modules/express/lib/router/index.js:286:9
      at Function.process_params (/Users/mac/Downloads/apec.minigame.api-develop/node_modules/express/lib/router/index.js:346:12)
      at next (/Users/mac/Downloads/apec.minigame.api-develop/node_modules/express/lib/router/index.js:280:10)
      at I18nMiddleware.use (/Users/mac/Downloads/apec.minigame.api-develop/node_modules/nestjs-i18n/src/middlewares/i18n.middleware.ts:63:5)
      at processTicksAndRejections (internal/process/task_queues.js:93:5)
      at /Users/mac/Downloads/apec.minigame.api-develop/node_modules/@nestjs/core/router/router-proxy.js:9:17 {
    response: { statusCode: 404, message: 'Cannot GET /', error: 'Not Found' },
    status: 404
  },
  level: 'error',
  message: 'Cannot GET /',
  timestamp: '2023-03-28T06:25:01.975Z'
}
{
  _id: 'd87455f2-aa24-46ca-91e9-e8ec619a05f2',
  class: 'UserController',
  function: 'login',
  path: '/api/v1/user/login',
  data: UnprocessableEntityException: http.clientError.unprocessableEntity
      at ValidationPipe.exceptionFactory (/Users/mac/Downloads/apec.minigame.api-develop/src/common/request/request.module.ts:37:25)
      at ValidationPipe.transform (/Users/mac/Downloads/apec.minigame.api-develop/node_modules/@nestjs/common/pipes/validation.pipe.js:66:30)
      at processTicksAndRejections (internal/process/task_queues.js:93:5)
      at resolveParamValue (/Users/mac/Downloads/apec.minigame.api-develop/node_modules/@nestjs/core/router/router-execution-context.js:147:23)
      at async Promise.all (index 0)
      at pipesFn (/Users/mac/Downloads/apec.minigame.api-develop/node_modules/@nestjs/core/router/router-execution-context.js:150:13)
      at /Users/mac/Downloads/apec.minigame.api-develop/node_modules/@nestjs/core/router/router-execution-context.js:37:30 {
    response: {
      statusCode: 5981,
      message: 'http.clientError.unprocessableEntity',
      errors: [
        ValidationError {
          target: UserLoginDto {
            email: 'Mario',
            rememberMe: false,
            password: 'sfljrQF1L7@@!123'
          },
          value: 'Mario',
          property: 'email',
          children: [],
          constraints: { isEmail: 'email must be an email' }
        }
      ]
    },
    status: 422
  },
  level: 'error',
  message: 'http.clientError.unprocessableEntity',
  timestamp: '2023-03-28T06:37:07.732Z'
}
{
  _id: '942f38be-2482-4acd-a82e-4136acfc3d7a',
  class: 'UserAdminController',
  function: 'get',
  path: '/api/v1/admin/user/get/0f08b5f03496f9618b1c0ee3',
  data: UnauthorizedException: http.clientError.unauthorized
      at JwtGuard.handleRequest (/Users/mac/Downloads/apec.minigame.api-develop/src/common/auth/guards/jwt/auth.jwt.guard.ts:13:19)
      at /Users/mac/Downloads/apec.minigame.api-develop/node_modules/@nestjs/passport/dist/auth.guard.js:49:128
      at /Users/mac/Downloads/apec.minigame.api-develop/node_modules/@nestjs/passport/dist/auth.guard.js:91:24
      at allFailed (/Users/mac/Downloads/apec.minigame.api-develop/node_modules/passport/lib/middleware/authenticate.js:110:18)
      at attempt (/Users/mac/Downloads/apec.minigame.api-develop/node_modules/passport/lib/middleware/authenticate.js:183:28)
      at JwtStrategy.strategy.fail (/Users/mac/Downloads/apec.minigame.api-develop/node_modules/passport/lib/middleware/authenticate.js:305:9)
      at JwtStrategy.authenticate (/Users/mac/Downloads/apec.minigame.api-develop/node_modules/passport-jwt/lib/strategy.js:96:21)
      at attempt (/Users/mac/Downloads/apec.minigame.api-develop/node_modules/passport/lib/middleware/authenticate.js:369:16)
      at authenticate (/Users/mac/Downloads/apec.minigame.api-develop/node_modules/passport/lib/middleware/authenticate.js:370:7)
      at /Users/mac/Downloads/apec.minigame.api-develop/node_modules/@nestjs/passport/dist/auth.guard.js:96:3 {
    response: {
      statusCode: 5100,
      message: 'http.clientError.unauthorized',
      error: 'No auth token'
    },
    status: 401
  },
  level: 'error',
  message: 'http.clientError.unauthorized',
  timestamp: '2023-03-28T07:16:01.550Z'
}
{
  _id: 'e41393c5-ab96-4312-bb87-d4bd4a34cf56',
  class: 'ErrorHttpFilter',
  function: 'catch',
  path: '/',
  data: NotFoundException: Cannot GET /
      at callback (/Users/mac/Downloads/apec.minigame.api-develop/node_modules/@nestjs/core/router/routes-resolver.js:77:19)
      at /Users/mac/Downloads/apec.minigame.api-develop/node_modules/@nestjs/core/router/router-proxy.js:9:23
      at Layer.handle [as handle_request] (/Users/mac/Downloads/apec.minigame.api-develop/node_modules/express/lib/router/layer.js:95:5)
      at trim_prefix (/Users/mac/Downloads/apec.minigame.api-develop/node_modules/express/lib/router/index.js:328:13)
      at /Users/mac/Downloads/apec.minigame.api-develop/node_modules/express/lib/router/index.js:286:9
      at Function.process_params (/Users/mac/Downloads/apec.minigame.api-develop/node_modules/express/lib/router/index.js:346:12)
      at next (/Users/mac/Downloads/apec.minigame.api-develop/node_modules/express/lib/router/index.js:280:10)
      at I18nMiddleware.use (/Users/mac/Downloads/apec.minigame.api-develop/node_modules/nestjs-i18n/src/middlewares/i18n.middleware.ts:63:5)
      at runMicrotasks (<anonymous>)
      at processTicksAndRejections (internal/process/task_queues.js:93:5) {
    response: { statusCode: 404, message: 'Cannot GET /', error: 'Not Found' },
    status: 404
  },
  level: 'error',
  message: 'Cannot GET /',
  timestamp: '2023-03-28T08:32:21.446Z'
}
{
  _id: 'd7f13d18-9d5f-486f-b369-07fa009fbfc8',
  class: 'UserController',
  function: 'profile',
  path: '/api/v1/user/profile',
  data: UnauthorizedException: http.clientError.unauthorized
      at JwtGuard.handleRequest (/Users/mac/Downloads/apec.minigame.api-develop/src/common/auth/guards/jwt/auth.jwt.guard.ts:13:19)
      at /Users/mac/Downloads/apec.minigame.api-develop/node_modules/@nestjs/passport/dist/auth.guard.js:49:128
      at /Users/mac/Downloads/apec.minigame.api-develop/node_modules/@nestjs/passport/dist/auth.guard.js:91:24
      at allFailed (/Users/mac/Downloads/apec.minigame.api-develop/node_modules/passport/lib/middleware/authenticate.js:110:18)
      at attempt (/Users/mac/Downloads/apec.minigame.api-develop/node_modules/passport/lib/middleware/authenticate.js:183:28)
      at JwtStrategy.strategy.fail (/Users/mac/Downloads/apec.minigame.api-develop/node_modules/passport/lib/middleware/authenticate.js:305:9)
      at JwtStrategy.authenticate (/Users/mac/Downloads/apec.minigame.api-develop/node_modules/passport-jwt/lib/strategy.js:96:21)
      at attempt (/Users/mac/Downloads/apec.minigame.api-develop/node_modules/passport/lib/middleware/authenticate.js:369:16)
      at authenticate (/Users/mac/Downloads/apec.minigame.api-develop/node_modules/passport/lib/middleware/authenticate.js:370:7)
      at /Users/mac/Downloads/apec.minigame.api-develop/node_modules/@nestjs/passport/dist/auth.guard.js:96:3 {
    response: {
      statusCode: 5100,
      message: 'http.clientError.unauthorized',
      error: 'No auth token'
    },
    status: 401
  },
  level: 'error',
  message: 'http.clientError.unauthorized',
  timestamp: '2023-03-28T08:38:34.018Z'
}
{
  _id: '94cbbcc8-ae1a-4c34-b63e-87b480ee4930',
  class: 'UserAdminController',
  function: 'get',
  path: '/api/v1/admin/user/get/3b39aafcfb0ee0bab8716a2b',
  data: UnauthorizedException: http.clientError.unauthorized
      at JwtGuard.handleRequest (/Users/mac/Downloads/apec.minigame.api-develop/src/common/auth/guards/jwt/auth.jwt.guard.ts:13:19)
      at /Users/mac/Downloads/apec.minigame.api-develop/node_modules/@nestjs/passport/dist/auth.guard.js:49:128
      at /Users/mac/Downloads/apec.minigame.api-develop/node_modules/@nestjs/passport/dist/auth.guard.js:91:24
      at allFailed (/Users/mac/Downloads/apec.minigame.api-develop/node_modules/passport/lib/middleware/authenticate.js:110:18)
      at attempt (/Users/mac/Downloads/apec.minigame.api-develop/node_modules/passport/lib/middleware/authenticate.js:183:28)
      at JwtStrategy.strategy.fail (/Users/mac/Downloads/apec.minigame.api-develop/node_modules/passport/lib/middleware/authenticate.js:305:9)
      at JwtStrategy.authenticate (/Users/mac/Downloads/apec.minigame.api-develop/node_modules/passport-jwt/lib/strategy.js:96:21)
      at attempt (/Users/mac/Downloads/apec.minigame.api-develop/node_modules/passport/lib/middleware/authenticate.js:369:16)
      at authenticate (/Users/mac/Downloads/apec.minigame.api-develop/node_modules/passport/lib/middleware/authenticate.js:370:7)
      at /Users/mac/Downloads/apec.minigame.api-develop/node_modules/@nestjs/passport/dist/auth.guard.js:96:3 {
    response: {
      statusCode: 5100,
      message: 'http.clientError.unauthorized',
      error: 'No auth token'
    },
    status: 401
  },
  level: 'error',
  message: 'http.clientError.unauthorized',
  timestamp: '2023-03-28T08:48:55.813Z'
}
{
  _id: 'e68081f9-5f6c-4251-b4db-2970b52bfbe3',
  class: 'ErrorHttpFilter',
  function: 'catch',
  path: '/favicon.ico',
  data: NotFoundException: Cannot GET /favicon.ico
      at callback (/Users/mac/Downloads/apec.minigame.api-develop/node_modules/@nestjs/core/router/routes-resolver.js:77:19)
      at /Users/mac/Downloads/apec.minigame.api-develop/node_modules/@nestjs/core/router/router-proxy.js:9:23
      at Layer.handle [as handle_request] (/Users/mac/Downloads/apec.minigame.api-develop/node_modules/express/lib/router/layer.js:95:5)
      at trim_prefix (/Users/mac/Downloads/apec.minigame.api-develop/node_modules/express/lib/router/index.js:328:13)
      at /Users/mac/Downloads/apec.minigame.api-develop/node_modules/express/lib/router/index.js:286:9
      at Function.process_params (/Users/mac/Downloads/apec.minigame.api-develop/node_modules/express/lib/router/index.js:346:12)
      at next (/Users/mac/Downloads/apec.minigame.api-develop/node_modules/express/lib/router/index.js:280:10)
      at I18nMiddleware.use (/Users/mac/Downloads/apec.minigame.api-develop/node_modules/nestjs-i18n/src/middlewares/i18n.middleware.ts:63:5)
      at processTicksAndRejections (internal/process/task_queues.js:93:5)
      at /Users/mac/Downloads/apec.minigame.api-develop/node_modules/@nestjs/core/router/router-proxy.js:9:17 {
    response: {
      statusCode: 404,
      message: 'Cannot GET /favicon.ico',
      error: 'Not Found'
    },
    status: 404
  },
  level: 'error',
  message: 'Cannot GET /favicon.ico',
  timestamp: '2023-03-28T08:50:15.299Z'
}
{
  _id: '7c997ced-6815-4eca-ab59-6c994a222804',
  class: 'ErrorHttpFilter',
  function: 'catch',
  path: '/favicon.ico',
  data: NotFoundException: Cannot GET /favicon.ico
      at callback (/Users/mac/Downloads/apec.minigame.api-develop/node_modules/@nestjs/core/router/routes-resolver.js:77:19)
      at /Users/mac/Downloads/apec.minigame.api-develop/node_modules/@nestjs/core/router/router-proxy.js:9:23
      at Layer.handle [as handle_request] (/Users/mac/Downloads/apec.minigame.api-develop/node_modules/express/lib/router/layer.js:95:5)
      at trim_prefix (/Users/mac/Downloads/apec.minigame.api-develop/node_modules/express/lib/router/index.js:328:13)
      at /Users/mac/Downloads/apec.minigame.api-develop/node_modules/express/lib/router/index.js:286:9
      at Function.process_params (/Users/mac/Downloads/apec.minigame.api-develop/node_modules/express/lib/router/index.js:346:12)
      at next (/Users/mac/Downloads/apec.minigame.api-develop/node_modules/express/lib/router/index.js:280:10)
      at I18nMiddleware.use (/Users/mac/Downloads/apec.minigame.api-develop/node_modules/nestjs-i18n/src/middlewares/i18n.middleware.ts:63:5)
      at processTicksAndRejections (internal/process/task_queues.js:93:5)
      at /Users/mac/Downloads/apec.minigame.api-develop/node_modules/@nestjs/core/router/router-proxy.js:9:17 {
    response: {
      statusCode: 404,
      message: 'Cannot GET /favicon.ico',
      error: 'Not Found'
    },
    status: 404
  },
  level: 'error',
  message: 'Cannot GET /favicon.ico',
  timestamp: '2023-03-28T08:52:47.745Z'
}
