{
  _id: '3af56736-a9ce-4191-96d4-375c816556e1',
  class: 'ErrorHttpFilter',
  function: 'catch',
  path: '/api/v1/admin/stock/',
  data: NotFoundException: Cannot GET /api/v1/admin/stock/
      at callback (/Users/mac/Downloads/apec.minigame.api-develop/node_modules/@nestjs/core/router/routes-resolver.js:77:19)
      at /Users/mac/Downloads/apec.minigame.api-develop/node_modules/@nestjs/core/router/router-proxy.js:9:23
      at Layer.handle [as handle_request] (/Users/mac/Downloads/apec.minigame.api-develop/node_modules/express/lib/router/layer.js:95:5)
      at trim_prefix (/Users/mac/Downloads/apec.minigame.api-develop/node_modules/express/lib/router/index.js:328:13)
      at /Users/mac/Downloads/apec.minigame.api-develop/node_modules/express/lib/router/index.js:286:9
      at Function.process_params (/Users/mac/Downloads/apec.minigame.api-develop/node_modules/express/lib/router/index.js:346:12)
      at next (/Users/mac/Downloads/apec.minigame.api-develop/node_modules/express/lib/router/index.js:280:10)
      at next (/Users/mac/Downloads/apec.minigame.api-develop/node_modules/express/lib/router/route.js:129:14)
      at renderFn (/Users/mac/Downloads/apec.minigame.api-develop/node_modules/@nestjs/serve-static/dist/loaders/express.loader.js:35:21)
      at Layer.handle [as handle_request] (/Users/mac/Downloads/apec.minigame.api-develop/node_modules/express/lib/router/layer.js:95:5) {
    response: {
      statusCode: 404,
      message: 'Cannot GET /api/v1/admin/stock/',
      error: 'Not Found'
    },
    status: 404
  },
  level: 'error',
  message: 'Cannot GET /api/v1/admin/stock/',
  timestamp: '2023-05-01T14:45:44.214Z'
}
{
  _id: '9afafe8b-f5ab-4c39-a58f-8c088e65f929',
  class: 'ErrorHttpFilter',
  function: 'catch',
  path: '/api/v1/admin/stock/',
  data: NotFoundException: Cannot GET /api/v1/admin/stock/
      at callback (/Users/mac/Downloads/apec.minigame.api-develop/node_modules/@nestjs/core/router/routes-resolver.js:77:19)
      at /Users/mac/Downloads/apec.minigame.api-develop/node_modules/@nestjs/core/router/router-proxy.js:9:23
      at Layer.handle [as handle_request] (/Users/mac/Downloads/apec.minigame.api-develop/node_modules/express/lib/router/layer.js:95:5)
      at trim_prefix (/Users/mac/Downloads/apec.minigame.api-develop/node_modules/express/lib/router/index.js:328:13)
      at /Users/mac/Downloads/apec.minigame.api-develop/node_modules/express/lib/router/index.js:286:9
      at Function.process_params (/Users/mac/Downloads/apec.minigame.api-develop/node_modules/express/lib/router/index.js:346:12)
      at next (/Users/mac/Downloads/apec.minigame.api-develop/node_modules/express/lib/router/index.js:280:10)
      at next (/Users/mac/Downloads/apec.minigame.api-develop/node_modules/express/lib/router/route.js:129:14)
      at renderFn (/Users/mac/Downloads/apec.minigame.api-develop/node_modules/@nestjs/serve-static/dist/loaders/express.loader.js:35:21)
      at Layer.handle [as handle_request] (/Users/mac/Downloads/apec.minigame.api-develop/node_modules/express/lib/router/layer.js:95:5) {
    response: {
      statusCode: 404,
      message: 'Cannot GET /api/v1/admin/stock/',
      error: 'Not Found'
    },
    status: 404
  },
  level: 'error',
  message: 'Cannot GET /api/v1/admin/stock/',
  timestamp: '2023-05-01T14:45:46.541Z'
}
