{
  _id: 'ErrorHttpFilter',
  class: 'ErrorHttpFilter',
  function: 'catch',
  path: '/api/v1/admin/stock/get/undefined',
  data: CastError: Cast to ObjectId failed for value "undefined" (type string) at path "_id" for model "StockEntity"
      at model.Query.exec (/Users/mac/Downloads/apec.minigame.api-develop/node_modules/mongoose/lib/query.js:4891:21)
      at model.Query.Query.then (/Users/mac/Downloads/apec.minigame.api-develop/node_modules/mongoose/lib/query.js:4990:15)
      at processTicksAndRejections (node:internal/process/task_queues:95:5) {
    messageFormat: undefined,
    stringValue: '"undefined"',
    kind: 'ObjectId',
    value: 'undefined',
    path: '_id',
    reason: BSONTypeError: Argument passed in must be a string of 12 bytes or a string of 24 hex characters or an integer
        at new BSONTypeError (/Users/mac/Downloads/apec.minigame.api-develop/node_modules/mongodb/node_modules/bson/src/error.ts:16:5)
        at new ObjectId (/Users/mac/Downloads/apec.minigame.api-develop/node_modules/mongodb/node_modules/bson/src/objectid.ts:88:15)
        at castObjectId (/Users/mac/Downloads/apec.minigame.api-develop/node_modules/mongoose/lib/cast/objectid.js:25:12)
        at ObjectId.cast (/Users/mac/Downloads/apec.minigame.api-develop/node_modules/mongoose/lib/schema/objectid.js:246:12)
        at ObjectId.SchemaType.applySetters (/Users/mac/Downloads/apec.minigame.api-develop/node_modules/mongoose/lib/schematype.js:1201:12)
        at ObjectId.SchemaType._castForQuery (/Users/mac/Downloads/apec.minigame.api-develop/node_modules/mongoose/lib/schematype.js:1648:15)
        at ObjectId.SchemaType.castForQuery (/Users/mac/Downloads/apec.minigame.api-develop/node_modules/mongoose/lib/schematype.js:1636:15)
        at ObjectId.SchemaType.castForQueryWrapper (/Users/mac/Downloads/apec.minigame.api-develop/node_modules/mongoose/lib/schematype.js:1612:20)
        at cast (/Users/mac/Downloads/apec.minigame.api-develop/node_modules/mongoose/lib/cast.js:347:32)
        at model.Query.Query.cast (/Users/mac/Downloads/apec.minigame.api-develop/node_modules/mongoose/lib/query.js:5319:12),
    valueType: 'string'
  },
  level: 'error',
  message: 'Internal Server Error',
  timestamp: '2023-04-25T09:03:15.728Z'
}
{
  _id: 'ErrorHttpFilter',
  class: 'ErrorHttpFilter',
  function: 'catch',
  path: '/api/v1/admin/stock/get/undefined',
  data: CastError: Cast to ObjectId failed for value "undefined" (type string) at path "_id" for model "StockEntity"
      at model.Query.exec (/Users/mac/Downloads/apec.minigame.api-develop/node_modules/mongoose/lib/query.js:4891:21)
      at model.Query.Query.then (/Users/mac/Downloads/apec.minigame.api-develop/node_modules/mongoose/lib/query.js:4990:15)
      at processTicksAndRejections (node:internal/process/task_queues:95:5)
      at runNextTicks (node:internal/process/task_queues:64:3)
      at processImmediate (node:internal/timers:447:9) {
    messageFormat: undefined,
    stringValue: '"undefined"',
    kind: 'ObjectId',
    value: 'undefined',
    path: '_id',
    reason: BSONTypeError: Argument passed in must be a string of 12 bytes or a string of 24 hex characters or an integer
        at new BSONTypeError (/Users/mac/Downloads/apec.minigame.api-develop/node_modules/mongodb/node_modules/bson/src/error.ts:16:5)
        at new ObjectId (/Users/mac/Downloads/apec.minigame.api-develop/node_modules/mongodb/node_modules/bson/src/objectid.ts:88:15)
        at castObjectId (/Users/mac/Downloads/apec.minigame.api-develop/node_modules/mongoose/lib/cast/objectid.js:25:12)
        at ObjectId.cast (/Users/mac/Downloads/apec.minigame.api-develop/node_modules/mongoose/lib/schema/objectid.js:246:12)
        at ObjectId.SchemaType.applySetters (/Users/mac/Downloads/apec.minigame.api-develop/node_modules/mongoose/lib/schematype.js:1201:12)
        at ObjectId.SchemaType._castForQuery (/Users/mac/Downloads/apec.minigame.api-develop/node_modules/mongoose/lib/schematype.js:1648:15)
        at ObjectId.SchemaType.castForQuery (/Users/mac/Downloads/apec.minigame.api-develop/node_modules/mongoose/lib/schematype.js:1636:15)
        at ObjectId.SchemaType.castForQueryWrapper (/Users/mac/Downloads/apec.minigame.api-develop/node_modules/mongoose/lib/schematype.js:1612:20)
        at cast (/Users/mac/Downloads/apec.minigame.api-develop/node_modules/mongoose/lib/cast.js:347:32)
        at model.Query.Query.cast (/Users/mac/Downloads/apec.minigame.api-develop/node_modules/mongoose/lib/query.js:5319:12),
    valueType: 'string'
  },
  level: 'error',
  message: 'Internal Server Error',
  timestamp: '2023-04-25T09:03:39.658Z'
}
{
  _id: 'f1e685a3-edb3-4e8a-be72-c789272a651d',
  class: 'ErrorHttpFilter',
  function: 'catch',
  path: '/src/public/assets/img/img.web/',
  data: NotFoundException: Cannot POST /src/public/assets/img/img.web/
      at callback (/Users/mac/Downloads/apec.minigame.api-develop/node_modules/@nestjs/core/router/routes-resolver.js:77:19)
      at /Users/mac/Downloads/apec.minigame.api-develop/node_modules/@nestjs/core/router/router-proxy.js:9:23
      at Layer.handle [as handle_request] (/Users/mac/Downloads/apec.minigame.api-develop/node_modules/express/lib/router/layer.js:95:5)
      at trim_prefix (/Users/mac/Downloads/apec.minigame.api-develop/node_modules/express/lib/router/index.js:328:13)
      at /Users/mac/Downloads/apec.minigame.api-develop/node_modules/express/lib/router/index.js:286:9
      at Function.process_params (/Users/mac/Downloads/apec.minigame.api-develop/node_modules/express/lib/router/index.js:346:12)
      at next (/Users/mac/Downloads/apec.minigame.api-develop/node_modules/express/lib/router/index.js:280:10)
      at serveStatic (/Users/mac/Downloads/apec.minigame.api-develop/node_modules/serve-static/index.js:75:16)
      at Layer.handle [as handle_request] (/Users/mac/Downloads/apec.minigame.api-develop/node_modules/express/lib/router/layer.js:95:5)
      at trim_prefix (/Users/mac/Downloads/apec.minigame.api-develop/node_modules/express/lib/router/index.js:328:13) {
    response: {
      statusCode: 404,
      message: 'Cannot POST /src/public/assets/img/img.web/',
      error: 'Not Found'
    },
    status: 404
  },
  level: 'error',
  message: 'Cannot POST /src/public/assets/img/img.web/',
  timestamp: '2023-04-25T11:16:01.356Z'
}
