{
  _id: '0962a14e-3263-41f3-90bb-1ed50f9750ac',
  class: 'ErrorHttpFilter',
  function: 'catch',
  path: '/',
  data: NotFoundException: Cannot GET /
      at callback (/Users/mac/Downloads/apec.minigame.api-develop/node_modules/@nestjs/core/router/routes-resolver.js:77:19)
      at /Users/mac/Downloads/apec.minigame.api-develop/node_modules/@nestjs/core/router/router-proxy.js:9:23
      at Layer.handle [as handle_request] (/Users/mac/Downloads/apec.minigame.api-develop/node_modules/express/lib/router/layer.js:95:5)
      at trim_prefix (/Users/mac/Downloads/apec.minigame.api-develop/node_modules/express/lib/router/index.js:328:13)
      at /Users/mac/Downloads/apec.minigame.api-develop/node_modules/express/lib/router/index.js:286:9
      at Function.process_params (/Users/mac/Downloads/apec.minigame.api-develop/node_modules/express/lib/router/index.js:346:12)
      at next (/Users/mac/Downloads/apec.minigame.api-develop/node_modules/express/lib/router/index.js:280:10)
      at I18nMiddleware.use (/Users/mac/Downloads/apec.minigame.api-develop/node_modules/nestjs-i18n/src/middlewares/i18n.middleware.ts:63:5)
      at processTicksAndRejections (internal/process/task_queues.js:93:5)
      at /Users/mac/Downloads/apec.minigame.api-develop/node_modules/@nestjs/core/router/router-proxy.js:9:17 {
    response: { statusCode: 404, message: 'Cannot GET /', error: 'Not Found' },
    status: 404
  },
  level: 'error',
  message: 'Cannot GET /',
  timestamp: '2023-04-04T00:59:39.562Z'
}
{
  _id: '691f982a-d8bb-4666-aad5-5bf0608f6e65',
  class: 'BotAdminController',
  function: 'list',
  path: '/api/v1/admin/bot/list',
  data: UnauthorizedException: http.clientError.unauthorized
      at JwtGuard.handleRequest (/Users/mac/Downloads/apec.minigame.api-develop/src/common/auth/guards/jwt/auth.jwt.guard.ts:13:19)
      at /Users/mac/Downloads/apec.minigame.api-develop/node_modules/@nestjs/passport/dist/auth.guard.js:49:128
      at /Users/mac/Downloads/apec.minigame.api-develop/node_modules/@nestjs/passport/dist/auth.guard.js:91:24
      at allFailed (/Users/mac/Downloads/apec.minigame.api-develop/node_modules/passport/lib/middleware/authenticate.js:110:18)
      at attempt (/Users/mac/Downloads/apec.minigame.api-develop/node_modules/passport/lib/middleware/authenticate.js:183:28)
      at JwtStrategy.strategy.fail (/Users/mac/Downloads/apec.minigame.api-develop/node_modules/passport/lib/middleware/authenticate.js:305:9)
      at JwtStrategy.authenticate (/Users/mac/Downloads/apec.minigame.api-develop/node_modules/passport-jwt/lib/strategy.js:96:21)
      at attempt (/Users/mac/Downloads/apec.minigame.api-develop/node_modules/passport/lib/middleware/authenticate.js:369:16)
      at authenticate (/Users/mac/Downloads/apec.minigame.api-develop/node_modules/passport/lib/middleware/authenticate.js:370:7)
      at /Users/mac/Downloads/apec.minigame.api-develop/node_modules/@nestjs/passport/dist/auth.guard.js:96:3 {
    response: {
      statusCode: 5100,
      message: 'http.clientError.unauthorized',
      error: 'No auth token'
    },
    status: 401
  },
  level: 'error',
  message: 'http.clientError.unauthorized',
  timestamp: '2023-04-04T07:24:33.120Z'
}
{
  _id: '96d380c7-ffc8-4f88-be0c-f80ac134f867',
  class: 'BotAdminController',
  function: 'create',
  path: '/api/v1/admin/bot/create',
  data: UnauthorizedException: http.clientError.unauthorized
      at JwtGuard.handleRequest (/Users/mac/Downloads/apec.minigame.api-develop/src/common/auth/guards/jwt/auth.jwt.guard.ts:13:19)
      at /Users/mac/Downloads/apec.minigame.api-develop/node_modules/@nestjs/passport/dist/auth.guard.js:49:128
      at /Users/mac/Downloads/apec.minigame.api-develop/node_modules/@nestjs/passport/dist/auth.guard.js:91:24
      at allFailed (/Users/mac/Downloads/apec.minigame.api-develop/node_modules/passport/lib/middleware/authenticate.js:110:18)
      at attempt (/Users/mac/Downloads/apec.minigame.api-develop/node_modules/passport/lib/middleware/authenticate.js:183:28)
      at JwtStrategy.strategy.fail (/Users/mac/Downloads/apec.minigame.api-develop/node_modules/passport/lib/middleware/authenticate.js:305:9)
      at JwtStrategy.authenticate (/Users/mac/Downloads/apec.minigame.api-develop/node_modules/passport-jwt/lib/strategy.js:96:21)
      at attempt (/Users/mac/Downloads/apec.minigame.api-develop/node_modules/passport/lib/middleware/authenticate.js:369:16)
      at authenticate (/Users/mac/Downloads/apec.minigame.api-develop/node_modules/passport/lib/middleware/authenticate.js:370:7)
      at /Users/mac/Downloads/apec.minigame.api-develop/node_modules/@nestjs/passport/dist/auth.guard.js:96:3 {
    response: {
      statusCode: 5100,
      message: 'http.clientError.unauthorized',
      error: 'No auth token'
    },
    status: 401
  },
  level: 'error',
  message: 'http.clientError.unauthorized',
  timestamp: '2023-04-04T07:28:25.767Z'
}
{
  _id: '0e45bf19-2bf8-445e-ab64-fa54e04c8b23',
  class: 'BotAdminController',
  function: 'create',
  path: '/api/v1/admin/bot/create',
  data: UnauthorizedException: http.clientError.unauthorized
      at JwtGuard.handleRequest (/Users/mac/Downloads/apec.minigame.api-develop/src/common/auth/guards/jwt/auth.jwt.guard.ts:13:19)
      at /Users/mac/Downloads/apec.minigame.api-develop/node_modules/@nestjs/passport/dist/auth.guard.js:49:128
      at /Users/mac/Downloads/apec.minigame.api-develop/node_modules/@nestjs/passport/dist/auth.guard.js:91:24
      at allFailed (/Users/mac/Downloads/apec.minigame.api-develop/node_modules/passport/lib/middleware/authenticate.js:110:18)
      at attempt (/Users/mac/Downloads/apec.minigame.api-develop/node_modules/passport/lib/middleware/authenticate.js:183:28)
      at JwtStrategy.strategy.fail (/Users/mac/Downloads/apec.minigame.api-develop/node_modules/passport/lib/middleware/authenticate.js:305:9)
      at JwtStrategy.authenticate (/Users/mac/Downloads/apec.minigame.api-develop/node_modules/passport-jwt/lib/strategy.js:96:21)
      at attempt (/Users/mac/Downloads/apec.minigame.api-develop/node_modules/passport/lib/middleware/authenticate.js:369:16)
      at authenticate (/Users/mac/Downloads/apec.minigame.api-develop/node_modules/passport/lib/middleware/authenticate.js:370:7)
      at /Users/mac/Downloads/apec.minigame.api-develop/node_modules/@nestjs/passport/dist/auth.guard.js:96:3 {
    response: {
      statusCode: 5100,
      message: 'http.clientError.unauthorized',
      error: 'No auth token'
    },
    status: 401
  },
  level: 'error',
  message: 'http.clientError.unauthorized',
  timestamp: '2023-04-04T07:33:54.858Z'
}
{
  _id: '7cf8bc6b-cfd0-4ca0-878b-8750d909cdda',
  class: 'BotAdminController',
  function: 'create',
  path: '/api/v1/admin/bot/create',
  data: UnauthorizedException: http.clientError.unauthorized
      at JwtGuard.handleRequest (/Users/mac/Downloads/apec.minigame.api-develop/src/common/auth/guards/jwt/auth.jwt.guard.ts:13:19)
      at /Users/mac/Downloads/apec.minigame.api-develop/node_modules/@nestjs/passport/dist/auth.guard.js:49:128
      at /Users/mac/Downloads/apec.minigame.api-develop/node_modules/@nestjs/passport/dist/auth.guard.js:91:24
      at allFailed (/Users/mac/Downloads/apec.minigame.api-develop/node_modules/passport/lib/middleware/authenticate.js:110:18)
      at attempt (/Users/mac/Downloads/apec.minigame.api-develop/node_modules/passport/lib/middleware/authenticate.js:183:28)
      at JwtStrategy.strategy.fail (/Users/mac/Downloads/apec.minigame.api-develop/node_modules/passport/lib/middleware/authenticate.js:305:9)
      at JwtStrategy.authenticate (/Users/mac/Downloads/apec.minigame.api-develop/node_modules/passport-jwt/lib/strategy.js:96:21)
      at attempt (/Users/mac/Downloads/apec.minigame.api-develop/node_modules/passport/lib/middleware/authenticate.js:369:16)
      at authenticate (/Users/mac/Downloads/apec.minigame.api-develop/node_modules/passport/lib/middleware/authenticate.js:370:7)
      at /Users/mac/Downloads/apec.minigame.api-develop/node_modules/@nestjs/passport/dist/auth.guard.js:96:3 {
    response: {
      statusCode: 5100,
      message: 'http.clientError.unauthorized',
      error: 'No auth token'
    },
    status: 401
  },
  level: 'error',
  message: 'http.clientError.unauthorized',
  timestamp: '2023-04-04T07:35:01.630Z'
}
{
  _id: '694f12ba-48cf-46f2-a4fa-a882eb124a24',
  class: 'ErrorHttpFilter',
  function: 'catch',
  path: '/api/v1/admin/bot/create',
  data: NotFoundException: Cannot GET /api/v1/admin/bot/create
      at callback (/Users/mac/Downloads/apec.minigame.api-develop/node_modules/@nestjs/core/router/routes-resolver.js:77:19)
      at /Users/mac/Downloads/apec.minigame.api-develop/node_modules/@nestjs/core/router/router-proxy.js:9:23
      at Layer.handle [as handle_request] (/Users/mac/Downloads/apec.minigame.api-develop/node_modules/express/lib/router/layer.js:95:5)
      at trim_prefix (/Users/mac/Downloads/apec.minigame.api-develop/node_modules/express/lib/router/index.js:328:13)
      at /Users/mac/Downloads/apec.minigame.api-develop/node_modules/express/lib/router/index.js:286:9
      at Function.process_params (/Users/mac/Downloads/apec.minigame.api-develop/node_modules/express/lib/router/index.js:346:12)
      at next (/Users/mac/Downloads/apec.minigame.api-develop/node_modules/express/lib/router/index.js:280:10)
      at I18nMiddleware.use (/Users/mac/Downloads/apec.minigame.api-develop/node_modules/nestjs-i18n/src/middlewares/i18n.middleware.ts:63:5)
      at processTicksAndRejections (internal/process/task_queues.js:93:5)
      at /Users/mac/Downloads/apec.minigame.api-develop/node_modules/@nestjs/core/router/router-proxy.js:9:17 {
    response: {
      statusCode: 404,
      message: 'Cannot GET /api/v1/admin/bot/create',
      error: 'Not Found'
    },
    status: 404
  },
  level: 'error',
  message: 'Cannot GET /api/v1/admin/bot/create',
  timestamp: '2023-04-04T07:35:54.274Z'
}
{
  _id: '8c14bbee-4057-42ab-b9cb-95ab25c0c3be',
  class: 'BotAdminController',
  function: 'list',
  path: '/api/v1/admin/bot/list',
  data: UnauthorizedException: http.clientError.unauthorized
      at JwtGuard.handleRequest (/Users/mac/Downloads/apec.minigame.api-develop/src/common/auth/guards/jwt/auth.jwt.guard.ts:13:19)
      at /Users/mac/Downloads/apec.minigame.api-develop/node_modules/@nestjs/passport/dist/auth.guard.js:49:128
      at /Users/mac/Downloads/apec.minigame.api-develop/node_modules/@nestjs/passport/dist/auth.guard.js:91:24
      at allFailed (/Users/mac/Downloads/apec.minigame.api-develop/node_modules/passport/lib/middleware/authenticate.js:110:18)
      at attempt (/Users/mac/Downloads/apec.minigame.api-develop/node_modules/passport/lib/middleware/authenticate.js:183:28)
      at JwtStrategy.strategy.fail (/Users/mac/Downloads/apec.minigame.api-develop/node_modules/passport/lib/middleware/authenticate.js:305:9)
      at JwtStrategy.authenticate (/Users/mac/Downloads/apec.minigame.api-develop/node_modules/passport-jwt/lib/strategy.js:96:21)
      at attempt (/Users/mac/Downloads/apec.minigame.api-develop/node_modules/passport/lib/middleware/authenticate.js:369:16)
      at authenticate (/Users/mac/Downloads/apec.minigame.api-develop/node_modules/passport/lib/middleware/authenticate.js:370:7)
      at /Users/mac/Downloads/apec.minigame.api-develop/node_modules/@nestjs/passport/dist/auth.guard.js:96:3 {
    response: {
      statusCode: 5100,
      message: 'http.clientError.unauthorized',
      error: 'No auth token'
    },
    status: 401
  },
  level: 'error',
  message: 'http.clientError.unauthorized',
  timestamp: '2023-04-04T07:41:31.207Z'
}
{
  _id: '51b0b72a-f6e2-4cb4-af44-ce7e16b26335',
  class: 'BotAdminController',
  function: 'get',
  path: '/api/v1/admin/bot/get/8f2dcc2e0c7790a6a4f8a0b6',
  data: UnauthorizedException: http.clientError.unauthorized
      at JwtGuard.handleRequest (/Users/mac/Downloads/apec.minigame.api-develop/src/common/auth/guards/jwt/auth.jwt.guard.ts:13:19)
      at /Users/mac/Downloads/apec.minigame.api-develop/node_modules/@nestjs/passport/dist/auth.guard.js:49:128
      at /Users/mac/Downloads/apec.minigame.api-develop/node_modules/@nestjs/passport/dist/auth.guard.js:91:24
      at allFailed (/Users/mac/Downloads/apec.minigame.api-develop/node_modules/passport/lib/middleware/authenticate.js:110:18)
      at attempt (/Users/mac/Downloads/apec.minigame.api-develop/node_modules/passport/lib/middleware/authenticate.js:183:28)
      at JwtStrategy.strategy.fail (/Users/mac/Downloads/apec.minigame.api-develop/node_modules/passport/lib/middleware/authenticate.js:305:9)
      at JwtStrategy.authenticate (/Users/mac/Downloads/apec.minigame.api-develop/node_modules/passport-jwt/lib/strategy.js:96:21)
      at attempt (/Users/mac/Downloads/apec.minigame.api-develop/node_modules/passport/lib/middleware/authenticate.js:369:16)
      at authenticate (/Users/mac/Downloads/apec.minigame.api-develop/node_modules/passport/lib/middleware/authenticate.js:370:7)
      at /Users/mac/Downloads/apec.minigame.api-develop/node_modules/@nestjs/passport/dist/auth.guard.js:96:3 {
    response: {
      statusCode: 5100,
      message: 'http.clientError.unauthorized',
      error: 'No auth token'
    },
    status: 401
  },
  level: 'error',
  message: 'http.clientError.unauthorized',
  timestamp: '2023-04-04T07:41:50.342Z'
}
{
  _id: 'bb5b2ed0-db35-43b6-80fd-747637eff5dd',
  class: 'BotAdminController',
  function: 'update',
  path: '/api/v1/admin/bot/update/8f2dcc2e0c7790a6a4f8a0b6',
  data: UnauthorizedException: http.clientError.unauthorized
      at JwtGuard.handleRequest (/Users/mac/Downloads/apec.minigame.api-develop/src/common/auth/guards/jwt/auth.jwt.guard.ts:13:19)
      at /Users/mac/Downloads/apec.minigame.api-develop/node_modules/@nestjs/passport/dist/auth.guard.js:49:128
      at /Users/mac/Downloads/apec.minigame.api-develop/node_modules/@nestjs/passport/dist/auth.guard.js:91:24
      at allFailed (/Users/mac/Downloads/apec.minigame.api-develop/node_modules/passport/lib/middleware/authenticate.js:110:18)
      at attempt (/Users/mac/Downloads/apec.minigame.api-develop/node_modules/passport/lib/middleware/authenticate.js:183:28)
      at JwtStrategy.strategy.fail (/Users/mac/Downloads/apec.minigame.api-develop/node_modules/passport/lib/middleware/authenticate.js:305:9)
      at JwtStrategy.authenticate (/Users/mac/Downloads/apec.minigame.api-develop/node_modules/passport-jwt/lib/strategy.js:96:21)
      at attempt (/Users/mac/Downloads/apec.minigame.api-develop/node_modules/passport/lib/middleware/authenticate.js:369:16)
      at authenticate (/Users/mac/Downloads/apec.minigame.api-develop/node_modules/passport/lib/middleware/authenticate.js:370:7)
      at /Users/mac/Downloads/apec.minigame.api-develop/node_modules/@nestjs/passport/dist/auth.guard.js:96:3 {
    response: {
      statusCode: 5100,
      message: 'http.clientError.unauthorized',
      error: 'No auth token'
    },
    status: 401
  },
  level: 'error',
  message: 'http.clientError.unauthorized',
  timestamp: '2023-04-04T07:42:05.175Z'
}
{
  _id: '7b4fea3e-543f-412a-9993-90ee13053a52',
  class: 'BotAdminController',
  function: 'list',
  path: '/api/v1/admin/bot/list',
  data: UnauthorizedException: http.clientError.unauthorized
      at JwtGuard.handleRequest (/Users/mac/Downloads/apec.minigame.api-develop/src/common/auth/guards/jwt/auth.jwt.guard.ts:13:19)
      at /Users/mac/Downloads/apec.minigame.api-develop/node_modules/@nestjs/passport/dist/auth.guard.js:49:128
      at /Users/mac/Downloads/apec.minigame.api-develop/node_modules/@nestjs/passport/dist/auth.guard.js:91:24
      at allFailed (/Users/mac/Downloads/apec.minigame.api-develop/node_modules/passport/lib/middleware/authenticate.js:110:18)
      at attempt (/Users/mac/Downloads/apec.minigame.api-develop/node_modules/passport/lib/middleware/authenticate.js:183:28)
      at JwtStrategy.strategy.fail (/Users/mac/Downloads/apec.minigame.api-develop/node_modules/passport/lib/middleware/authenticate.js:305:9)
      at JwtStrategy.authenticate (/Users/mac/Downloads/apec.minigame.api-develop/node_modules/passport-jwt/lib/strategy.js:96:21)
      at attempt (/Users/mac/Downloads/apec.minigame.api-develop/node_modules/passport/lib/middleware/authenticate.js:369:16)
      at authenticate (/Users/mac/Downloads/apec.minigame.api-develop/node_modules/passport/lib/middleware/authenticate.js:370:7)
      at /Users/mac/Downloads/apec.minigame.api-develop/node_modules/@nestjs/passport/dist/auth.guard.js:96:3 {
    response: {
      statusCode: 5100,
      message: 'http.clientError.unauthorized',
      error: 'No auth token'
    },
    status: 401
  },
  level: 'error',
  message: 'http.clientError.unauthorized',
  timestamp: '2023-04-04T07:43:37.296Z'
}
{
  _id: 'c29229de-c363-4d61-9932-a70c62723ea7',
  class: 'BotAdminController',
  function: 'update',
  path: '/api/v1/admin/bot/update/7ab967f4f39a4b60fac69428',
  data: UnauthorizedException: http.clientError.unauthorized
      at JwtGuard.handleRequest (/Users/mac/Downloads/apec.minigame.api-develop/src/common/auth/guards/jwt/auth.jwt.guard.ts:13:19)
      at /Users/mac/Downloads/apec.minigame.api-develop/node_modules/@nestjs/passport/dist/auth.guard.js:49:128
      at /Users/mac/Downloads/apec.minigame.api-develop/node_modules/@nestjs/passport/dist/auth.guard.js:91:24
      at allFailed (/Users/mac/Downloads/apec.minigame.api-develop/node_modules/passport/lib/middleware/authenticate.js:110:18)
      at attempt (/Users/mac/Downloads/apec.minigame.api-develop/node_modules/passport/lib/middleware/authenticate.js:183:28)
      at JwtStrategy.strategy.fail (/Users/mac/Downloads/apec.minigame.api-develop/node_modules/passport/lib/middleware/authenticate.js:305:9)
      at JwtStrategy.authenticate (/Users/mac/Downloads/apec.minigame.api-develop/node_modules/passport-jwt/lib/strategy.js:96:21)
      at attempt (/Users/mac/Downloads/apec.minigame.api-develop/node_modules/passport/lib/middleware/authenticate.js:369:16)
      at authenticate (/Users/mac/Downloads/apec.minigame.api-develop/node_modules/passport/lib/middleware/authenticate.js:370:7)
      at /Users/mac/Downloads/apec.minigame.api-develop/node_modules/@nestjs/passport/dist/auth.guard.js:96:3 {
    response: {
      statusCode: 5100,
      message: 'http.clientError.unauthorized',
      error: 'No auth token'
    },
    status: 401
  },
  level: 'error',
  message: 'http.clientError.unauthorized',
  timestamp: '2023-04-04T07:43:49.156Z'
}
{
  _id: 'd1658619-ebb4-4882-89bf-e17b3c6e33e4',
  class: 'BotAdminController',
  function: 'create',
  path: '/api/v1/admin/bot/create',
  data: UnauthorizedException: http.clientError.unauthorized
      at JwtGuard.handleRequest (/Users/mac/Downloads/apec.minigame.api-develop/src/common/auth/guards/jwt/auth.jwt.guard.ts:13:19)
      at /Users/mac/Downloads/apec.minigame.api-develop/node_modules/@nestjs/passport/dist/auth.guard.js:49:128
      at /Users/mac/Downloads/apec.minigame.api-develop/node_modules/@nestjs/passport/dist/auth.guard.js:91:24
      at allFailed (/Users/mac/Downloads/apec.minigame.api-develop/node_modules/passport/lib/middleware/authenticate.js:110:18)
      at attempt (/Users/mac/Downloads/apec.minigame.api-develop/node_modules/passport/lib/middleware/authenticate.js:183:28)
      at JwtStrategy.strategy.fail (/Users/mac/Downloads/apec.minigame.api-develop/node_modules/passport/lib/middleware/authenticate.js:305:9)
      at JwtStrategy.authenticate (/Users/mac/Downloads/apec.minigame.api-develop/node_modules/passport-jwt/lib/strategy.js:96:21)
      at attempt (/Users/mac/Downloads/apec.minigame.api-develop/node_modules/passport/lib/middleware/authenticate.js:369:16)
      at authenticate (/Users/mac/Downloads/apec.minigame.api-develop/node_modules/passport/lib/middleware/authenticate.js:370:7)
      at /Users/mac/Downloads/apec.minigame.api-develop/node_modules/@nestjs/passport/dist/auth.guard.js:96:3 {
    response: {
      statusCode: 5100,
      message: 'http.clientError.unauthorized',
      error: 'No auth token'
    },
    status: 401
  },
  level: 'error',
  message: 'http.clientError.unauthorized',
  timestamp: '2023-04-04T07:43:58.843Z'
}
{
  _id: '4125f993-5114-4228-814b-34cf4d3be3a2',
  class: 'BotAdminController',
  function: 'create',
  path: '/api/v1/admin/bot/create',
  data: UnauthorizedException: http.clientError.unauthorized
      at JwtGuard.handleRequest (/Users/mac/Downloads/apec.minigame.api-develop/src/common/auth/guards/jwt/auth.jwt.guard.ts:13:19)
      at /Users/mac/Downloads/apec.minigame.api-develop/node_modules/@nestjs/passport/dist/auth.guard.js:49:128
      at /Users/mac/Downloads/apec.minigame.api-develop/node_modules/@nestjs/passport/dist/auth.guard.js:91:24
      at allFailed (/Users/mac/Downloads/apec.minigame.api-develop/node_modules/passport/lib/middleware/authenticate.js:110:18)
      at attempt (/Users/mac/Downloads/apec.minigame.api-develop/node_modules/passport/lib/middleware/authenticate.js:183:28)
      at JwtStrategy.strategy.fail (/Users/mac/Downloads/apec.minigame.api-develop/node_modules/passport/lib/middleware/authenticate.js:305:9)
      at JwtStrategy.authenticate (/Users/mac/Downloads/apec.minigame.api-develop/node_modules/passport-jwt/lib/strategy.js:96:21)
      at attempt (/Users/mac/Downloads/apec.minigame.api-develop/node_modules/passport/lib/middleware/authenticate.js:369:16)
      at authenticate (/Users/mac/Downloads/apec.minigame.api-develop/node_modules/passport/lib/middleware/authenticate.js:370:7)
      at /Users/mac/Downloads/apec.minigame.api-develop/node_modules/@nestjs/passport/dist/auth.guard.js:96:3 {
    response: {
      statusCode: 5100,
      message: 'http.clientError.unauthorized',
      error: 'No auth token'
    },
    status: 401
  },
  level: 'error',
  message: 'http.clientError.unauthorized',
  timestamp: '2023-04-04T07:44:32.464Z'
}
{
  _id: 'a72822b4-6681-4ffc-8c44-e05049b74a01',
  class: 'RoleAdminController',
  function: 'list',
  path: '/api/v1/admin/role/list',
  data: UnauthorizedException: http.clientError.unauthorized
      at JwtGuard.handleRequest (/Users/mac/Downloads/apec.minigame.api-develop/src/common/auth/guards/jwt/auth.jwt.guard.ts:13:19)
      at /Users/mac/Downloads/apec.minigame.api-develop/node_modules/@nestjs/passport/dist/auth.guard.js:49:128
      at /Users/mac/Downloads/apec.minigame.api-develop/node_modules/@nestjs/passport/dist/auth.guard.js:91:24
      at allFailed (/Users/mac/Downloads/apec.minigame.api-develop/node_modules/passport/lib/middleware/authenticate.js:110:18)
      at attempt (/Users/mac/Downloads/apec.minigame.api-develop/node_modules/passport/lib/middleware/authenticate.js:183:28)
      at JwtStrategy.strategy.fail (/Users/mac/Downloads/apec.minigame.api-develop/node_modules/passport/lib/middleware/authenticate.js:305:9)
      at JwtStrategy.authenticate (/Users/mac/Downloads/apec.minigame.api-develop/node_modules/passport-jwt/lib/strategy.js:96:21)
      at attempt (/Users/mac/Downloads/apec.minigame.api-develop/node_modules/passport/lib/middleware/authenticate.js:369:16)
      at authenticate (/Users/mac/Downloads/apec.minigame.api-develop/node_modules/passport/lib/middleware/authenticate.js:370:7)
      at /Users/mac/Downloads/apec.minigame.api-develop/node_modules/@nestjs/passport/dist/auth.guard.js:96:3 {
    response: {
      statusCode: 5100,
      message: 'http.clientError.unauthorized',
      error: 'No auth token'
    },
    status: 401
  },
  level: 'error',
  message: 'http.clientError.unauthorized',
  timestamp: '2023-04-04T07:45:50.832Z'
}
{
  _id: 'a89d0ec2-4353-4ce0-9b1c-58263683af0a',
  class: 'RoleAdminController',
  function: 'create',
  path: '/api/v1/admin/role/create',
  data: UnauthorizedException: http.clientError.unauthorized
      at JwtGuard.handleRequest (/Users/mac/Downloads/apec.minigame.api-develop/src/common/auth/guards/jwt/auth.jwt.guard.ts:13:19)
      at /Users/mac/Downloads/apec.minigame.api-develop/node_modules/@nestjs/passport/dist/auth.guard.js:49:128
      at /Users/mac/Downloads/apec.minigame.api-develop/node_modules/@nestjs/passport/dist/auth.guard.js:91:24
      at allFailed (/Users/mac/Downloads/apec.minigame.api-develop/node_modules/passport/lib/middleware/authenticate.js:110:18)
      at attempt (/Users/mac/Downloads/apec.minigame.api-develop/node_modules/passport/lib/middleware/authenticate.js:183:28)
      at JwtStrategy.strategy.fail (/Users/mac/Downloads/apec.minigame.api-develop/node_modules/passport/lib/middleware/authenticate.js:305:9)
      at JwtStrategy.authenticate (/Users/mac/Downloads/apec.minigame.api-develop/node_modules/passport-jwt/lib/strategy.js:96:21)
      at attempt (/Users/mac/Downloads/apec.minigame.api-develop/node_modules/passport/lib/middleware/authenticate.js:369:16)
      at authenticate (/Users/mac/Downloads/apec.minigame.api-develop/node_modules/passport/lib/middleware/authenticate.js:370:7)
      at /Users/mac/Downloads/apec.minigame.api-develop/node_modules/@nestjs/passport/dist/auth.guard.js:96:3 {
    response: {
      statusCode: 5100,
      message: 'http.clientError.unauthorized',
      error: 'No auth token'
    },
    status: 401
  },
  level: 'error',
  message: 'http.clientError.unauthorized',
  timestamp: '2023-04-04T07:47:30.414Z'
}
{
  _id: '0a3b7068-08fd-4027-ab01-3a36d49dfdd3',
  class: 'BotAdminController',
  function: 'create',
  path: '/api/v1/admin/bot/create',
  data: UnprocessableEntityException: http.clientError.unprocessableEntity
      at ValidationPipe.exceptionFactory (/Users/mac/Downloads/apec.minigame.api-develop/src/common/request/request.module.ts:37:25)
      at ValidationPipe.transform (/Users/mac/Downloads/apec.minigame.api-develop/node_modules/@nestjs/common/pipes/validation.pipe.js:66:30)
      at processTicksAndRejections (internal/process/task_queues.js:93:5)
      at resolveParamValue (/Users/mac/Downloads/apec.minigame.api-develop/node_modules/@nestjs/core/router/router-execution-context.js:147:23)
      at async Promise.all (index 0)
      at pipesFn (/Users/mac/Downloads/apec.minigame.api-develop/node_modules/@nestjs/core/router/router-execution-context.js:150:13)
      at /Users/mac/Downloads/apec.minigame.api-develop/node_modules/@nestjs/core/router/router-execution-context.js:37:30 {
    response: {
      statusCode: 5981,
      message: 'http.clientError.unprocessableEntity',
      errors: [
        ValidationError {
          target: BotCreateDto {
            name: 'Global Tactics Representative',
            permissions: [ 'f98bb4c3d39dbff6ac1ac5b6', 'c7d9289a6bbd0926bce6ddce' ],
            accessFor: 'Bot_read'
          },
          value: 'Bot_read',
          property: 'accessFor',
          children: [],
          constraints: { isEnum: 'accessFor must be a valid enum value' }
        }
      ]
    },
    status: 422
  },
  level: 'error',
  message: 'http.clientError.unprocessableEntity',
  timestamp: '2023-04-04T07:52:28.937Z'
}
{
  _id: '052e32e0-4168-47e1-9e37-0935376971a9',
  class: 'BotAdminController',
  function: 'update',
  path: '/api/v1/admin/bot/update/f70ff7ef81ea6819e5cbdeaa',
  data: UnprocessableEntityException: http.clientError.unprocessableEntity
      at ValidationPipe.exceptionFactory (/Users/mac/Downloads/apec.minigame.api-develop/src/common/request/request.module.ts:37:25)
      at ValidationPipe.transform (/Users/mac/Downloads/apec.minigame.api-develop/node_modules/@nestjs/common/pipes/validation.pipe.js:66:30)
      at processTicksAndRejections (internal/process/task_queues.js:93:5)
      at resolveParamValue (/Users/mac/Downloads/apec.minigame.api-develop/node_modules/@nestjs/core/router/router-execution-context.js:147:23)
      at async Promise.all (index 0)
      at pipesFn (/Users/mac/Downloads/apec.minigame.api-develop/node_modules/@nestjs/core/router/router-execution-context.js:150:13)
      at /Users/mac/Downloads/apec.minigame.api-develop/node_modules/@nestjs/core/router/router-execution-context.js:37:30 {
    response: {
      statusCode: 5981,
      message: 'http.clientError.unprocessableEntity',
      errors: [
        ValidationError {
          target: BotUpdateDto {
            name: 'Global Tactics Representative',
            permissions: [ 'f98bb4c3d39dbff6ac1ac5b6', 'c7d9289a6bbd0926bce6ddce' ],
            accessFor: 'Bot_read'
          },
          value: 'Bot_read',
          property: 'accessFor',
          children: [],
          constraints: { isEnum: 'accessFor must be a valid enum value' }
        }
      ]
    },
    status: 422
  },
  level: 'error',
  message: 'http.clientError.unprocessableEntity',
  timestamp: '2023-04-04T07:52:48.007Z'
}
{
  _id: 'fff77435-1ea0-4257-8015-d0d9ebc693af',
  class: 'BotAdminController',
  function: 'delete',
  path: '/api/v1/admin/bot/delete/f70ff7ef81ea6819e5cbdeaa',
  data: InternalServerErrorException: http.serverError.internalServerError
      at BotAdminController.delete (/Users/mac/Downloads/apec.minigame.api-develop/src/modules/bot/controllers/bot.admin.controller.ts:249:19)
      at /Users/mac/Downloads/apec.minigame.api-develop/node_modules/@nestjs/core/router/router-execution-context.js:38:29
      at processTicksAndRejections (internal/process/task_queues.js:93:5) {
    response: {
      statusCode: 5990,
      message: 'http.serverError.internalServerError',
      error: "Cannot read property '_id' of undefined"
    },
    status: 500
  },
  level: 'error',
  message: 'http.serverError.internalServerError',
  timestamp: '2023-04-04T07:52:59.003Z'
}
{
  _id: '6221d57f-afec-4db5-ba42-7ba6f669c809',
  class: 'BotAdminController',
  function: 'inactive',
  path: '/api/v1/admin/bot/update/f70ff7ef81ea6819e5cbdeaa/inactive',
  data: InternalServerErrorException: http.serverError.internalServerError
      at BotAdminController.inactive (/Users/mac/Downloads/apec.minigame.api-develop/src/modules/bot/controllers/bot.admin.controller.ts:270:19)
      at /Users/mac/Downloads/apec.minigame.api-develop/node_modules/@nestjs/core/router/router-execution-context.js:38:29
      at processTicksAndRejections (internal/process/task_queues.js:93:5) {
    response: {
      statusCode: 5990,
      message: 'http.serverError.internalServerError',
      error: "Cannot read property '_id' of undefined"
    },
    status: 500
  },
  level: 'error',
  message: 'http.serverError.internalServerError',
  timestamp: '2023-04-04T07:53:07.092Z'
}
{
  _id: '6b694623-8b44-4a6e-a129-1f6d41f5cfb3',
  class: 'BotAdminController',
  function: 'active',
  path: '/api/v1/admin/bot/update/f70ff7ef81ea6819e5cbdeaa/active',
  data: InternalServerErrorException: http.serverError.internalServerError
      at BotAdminController.active (/Users/mac/Downloads/apec.minigame.api-develop/src/modules/bot/controllers/bot.admin.controller.ts:292:19)
      at /Users/mac/Downloads/apec.minigame.api-develop/node_modules/@nestjs/core/router/router-execution-context.js:38:29
      at processTicksAndRejections (internal/process/task_queues.js:93:5) {
    response: {
      statusCode: 5990,
      message: 'http.serverError.internalServerError',
      error: "Cannot read property '_id' of undefined"
    },
    status: 500
  },
  level: 'error',
  message: 'http.serverError.internalServerError',
  timestamp: '2023-04-04T07:53:16.308Z'
}
{
  _id: '751d30e7-b558-496b-988f-239c5e1b40c6',
  class: 'BotAdminController',
  function: 'create',
  path: '/api/v1/admin/bot/create',
  data: UnauthorizedException: http.clientError.unauthorized
      at JwtGuard.handleRequest (/Users/mac/Downloads/apec.minigame.api-develop/src/common/auth/guards/jwt/auth.jwt.guard.ts:13:19)
      at /Users/mac/Downloads/apec.minigame.api-develop/node_modules/@nestjs/passport/dist/auth.guard.js:49:128
      at /Users/mac/Downloads/apec.minigame.api-develop/node_modules/@nestjs/passport/dist/auth.guard.js:91:24
      at allFailed (/Users/mac/Downloads/apec.minigame.api-develop/node_modules/passport/lib/middleware/authenticate.js:110:18)
      at attempt (/Users/mac/Downloads/apec.minigame.api-develop/node_modules/passport/lib/middleware/authenticate.js:183:28)
      at JwtStrategy.strategy.fail (/Users/mac/Downloads/apec.minigame.api-develop/node_modules/passport/lib/middleware/authenticate.js:305:9)
      at JwtStrategy.authenticate (/Users/mac/Downloads/apec.minigame.api-develop/node_modules/passport-jwt/lib/strategy.js:96:21)
      at attempt (/Users/mac/Downloads/apec.minigame.api-develop/node_modules/passport/lib/middleware/authenticate.js:369:16)
      at authenticate (/Users/mac/Downloads/apec.minigame.api-develop/node_modules/passport/lib/middleware/authenticate.js:370:7)
      at /Users/mac/Downloads/apec.minigame.api-develop/node_modules/@nestjs/passport/dist/auth.guard.js:96:3 {
    response: {
      statusCode: 5100,
      message: 'http.clientError.unauthorized',
      error: 'No auth token'
    },
    status: 401
  },
  level: 'error',
  message: 'http.clientError.unauthorized',
  timestamp: '2023-04-04T07:54:34.676Z'
}
{
  _id: '4e981662-a1a8-461a-9bfb-77cae2788996',
  class: 'RoleAdminController',
  function: 'create',
  path: '/api/v1/admin/role/create',
  data: UnauthorizedException: http.clientError.unauthorized
      at JwtGuard.handleRequest (/Users/mac/Downloads/apec.minigame.api-develop/src/common/auth/guards/jwt/auth.jwt.guard.ts:13:19)
      at /Users/mac/Downloads/apec.minigame.api-develop/node_modules/@nestjs/passport/dist/auth.guard.js:49:128
      at /Users/mac/Downloads/apec.minigame.api-develop/node_modules/@nestjs/passport/dist/auth.guard.js:91:24
      at allFailed (/Users/mac/Downloads/apec.minigame.api-develop/node_modules/passport/lib/middleware/authenticate.js:110:18)
      at attempt (/Users/mac/Downloads/apec.minigame.api-develop/node_modules/passport/lib/middleware/authenticate.js:183:28)
      at JwtStrategy.strategy.fail (/Users/mac/Downloads/apec.minigame.api-develop/node_modules/passport/lib/middleware/authenticate.js:305:9)
      at JwtStrategy.authenticate (/Users/mac/Downloads/apec.minigame.api-develop/node_modules/passport-jwt/lib/strategy.js:96:21)
      at attempt (/Users/mac/Downloads/apec.minigame.api-develop/node_modules/passport/lib/middleware/authenticate.js:369:16)
      at authenticate (/Users/mac/Downloads/apec.minigame.api-develop/node_modules/passport/lib/middleware/authenticate.js:370:7)
      at /Users/mac/Downloads/apec.minigame.api-develop/node_modules/@nestjs/passport/dist/auth.guard.js:96:3 {
    response: {
      statusCode: 5100,
      message: 'http.clientError.unauthorized',
      error: 'No auth token'
    },
    status: 401
  },
  level: 'error',
  message: 'http.clientError.unauthorized',
  timestamp: '2023-04-04T07:55:01.929Z'
}
{
  _id: 'ffbbcb9b-627d-44f2-98fe-1f40d8403d2d',
  class: 'UserAdminController',
  function: 'create',
  path: '/api/v1/admin/user/create',
  data: UnauthorizedException: http.clientError.unauthorized
      at JwtGuard.handleRequest (/Users/mac/Downloads/apec.minigame.api-develop/src/common/auth/guards/jwt/auth.jwt.guard.ts:13:19)
      at /Users/mac/Downloads/apec.minigame.api-develop/node_modules/@nestjs/passport/dist/auth.guard.js:49:128
      at /Users/mac/Downloads/apec.minigame.api-develop/node_modules/@nestjs/passport/dist/auth.guard.js:91:24
      at allFailed (/Users/mac/Downloads/apec.minigame.api-develop/node_modules/passport/lib/middleware/authenticate.js:110:18)
      at attempt (/Users/mac/Downloads/apec.minigame.api-develop/node_modules/passport/lib/middleware/authenticate.js:183:28)
      at JwtStrategy.strategy.fail (/Users/mac/Downloads/apec.minigame.api-develop/node_modules/passport/lib/middleware/authenticate.js:305:9)
      at JwtStrategy.authenticate (/Users/mac/Downloads/apec.minigame.api-develop/node_modules/passport-jwt/lib/strategy.js:96:21)
      at attempt (/Users/mac/Downloads/apec.minigame.api-develop/node_modules/passport/lib/middleware/authenticate.js:369:16)
      at authenticate (/Users/mac/Downloads/apec.minigame.api-develop/node_modules/passport/lib/middleware/authenticate.js:370:7)
      at /Users/mac/Downloads/apec.minigame.api-develop/node_modules/@nestjs/passport/dist/auth.guard.js:96:3 {
    response: {
      statusCode: 5100,
      message: 'http.clientError.unauthorized',
      error: 'No auth token'
    },
    status: 401
  },
  level: 'error',
  message: 'http.clientError.unauthorized',
  timestamp: '2023-04-04T07:55:16.164Z'
}
{
  _id: 'ad0c7183-59a5-43fb-87de-70bb9625d632',
  class: 'BotAdminController',
  function: 'active',
  path: '/api/v1/admin/bot/update/196acc8aefc21dcec6994e2a/active',
  data: UnauthorizedException: http.clientError.unauthorized
      at JwtGuard.handleRequest (/Users/mac/Downloads/apec.minigame.api-develop/src/common/auth/guards/jwt/auth.jwt.guard.ts:13:19)
      at /Users/mac/Downloads/apec.minigame.api-develop/node_modules/@nestjs/passport/dist/auth.guard.js:49:128
      at /Users/mac/Downloads/apec.minigame.api-develop/node_modules/@nestjs/passport/dist/auth.guard.js:91:24
      at allFailed (/Users/mac/Downloads/apec.minigame.api-develop/node_modules/passport/lib/middleware/authenticate.js:110:18)
      at attempt (/Users/mac/Downloads/apec.minigame.api-develop/node_modules/passport/lib/middleware/authenticate.js:183:28)
      at JwtStrategy.strategy.fail (/Users/mac/Downloads/apec.minigame.api-develop/node_modules/passport/lib/middleware/authenticate.js:305:9)
      at JwtStrategy.authenticate (/Users/mac/Downloads/apec.minigame.api-develop/node_modules/passport-jwt/lib/strategy.js:96:21)
      at attempt (/Users/mac/Downloads/apec.minigame.api-develop/node_modules/passport/lib/middleware/authenticate.js:369:16)
      at authenticate (/Users/mac/Downloads/apec.minigame.api-develop/node_modules/passport/lib/middleware/authenticate.js:370:7)
      at /Users/mac/Downloads/apec.minigame.api-develop/node_modules/@nestjs/passport/dist/auth.guard.js:96:3 {
    response: {
      statusCode: 5100,
      message: 'http.clientError.unauthorized',
      error: 'No auth token'
    },
    status: 401
  },
  level: 'error',
  message: 'http.clientError.unauthorized',
  timestamp: '2023-04-04T08:10:25.888Z'
}
{
  _id: 'abf40850-bae4-4bf8-bd3d-4f2169005a2c',
  class: 'UserAdminController',
  function: 'create',
  path: '/api/v1/admin/user/create',
  data: UnauthorizedException: http.clientError.unauthorized
      at JwtGuard.handleRequest (/Users/mac/Downloads/apec.minigame.api-develop/src/common/auth/guards/jwt/auth.jwt.guard.ts:13:19)
      at /Users/mac/Downloads/apec.minigame.api-develop/node_modules/@nestjs/passport/dist/auth.guard.js:49:128
      at /Users/mac/Downloads/apec.minigame.api-develop/node_modules/@nestjs/passport/dist/auth.guard.js:91:24
      at allFailed (/Users/mac/Downloads/apec.minigame.api-develop/node_modules/passport/lib/middleware/authenticate.js:110:18)
      at attempt (/Users/mac/Downloads/apec.minigame.api-develop/node_modules/passport/lib/middleware/authenticate.js:183:28)
      at JwtStrategy.strategy.fail (/Users/mac/Downloads/apec.minigame.api-develop/node_modules/passport/lib/middleware/authenticate.js:305:9)
      at JwtStrategy.authenticate (/Users/mac/Downloads/apec.minigame.api-develop/node_modules/passport-jwt/lib/strategy.js:96:21)
      at attempt (/Users/mac/Downloads/apec.minigame.api-develop/node_modules/passport/lib/middleware/authenticate.js:369:16)
      at authenticate (/Users/mac/Downloads/apec.minigame.api-develop/node_modules/passport/lib/middleware/authenticate.js:370:7)
      at /Users/mac/Downloads/apec.minigame.api-develop/node_modules/@nestjs/passport/dist/auth.guard.js:96:3 {
    response: {
      statusCode: 5100,
      message: 'http.clientError.unauthorized',
      error: 'No auth token'
    },
    status: 401
  },
  level: 'error',
  message: 'http.clientError.unauthorized',
  timestamp: '2023-04-04T08:10:55.144Z'
}
{
  _id: '8bb4ad70-12e6-46b8-9735-9cbcb06ae9ce',
  class: 'UserAdminController',
  function: 'get',
  path: '/api/v1/admin/user/get/a71f0ec20df3e56b1642b887',
  data: UnauthorizedException: http.clientError.unauthorized
      at JwtGuard.handleRequest (/Users/mac/Downloads/apec.minigame.api-develop/src/common/auth/guards/jwt/auth.jwt.guard.ts:13:19)
      at /Users/mac/Downloads/apec.minigame.api-develop/node_modules/@nestjs/passport/dist/auth.guard.js:49:128
      at /Users/mac/Downloads/apec.minigame.api-develop/node_modules/@nestjs/passport/dist/auth.guard.js:91:24
      at allFailed (/Users/mac/Downloads/apec.minigame.api-develop/node_modules/passport/lib/middleware/authenticate.js:110:18)
      at attempt (/Users/mac/Downloads/apec.minigame.api-develop/node_modules/passport/lib/middleware/authenticate.js:183:28)
      at JwtStrategy.strategy.fail (/Users/mac/Downloads/apec.minigame.api-develop/node_modules/passport/lib/middleware/authenticate.js:305:9)
      at JwtStrategy.authenticate (/Users/mac/Downloads/apec.minigame.api-develop/node_modules/passport-jwt/lib/strategy.js:96:21)
      at attempt (/Users/mac/Downloads/apec.minigame.api-develop/node_modules/passport/lib/middleware/authenticate.js:369:16)
      at authenticate (/Users/mac/Downloads/apec.minigame.api-develop/node_modules/passport/lib/middleware/authenticate.js:370:7)
      at /Users/mac/Downloads/apec.minigame.api-develop/node_modules/@nestjs/passport/dist/auth.guard.js:96:3 {
    response: {
      statusCode: 5100,
      message: 'http.clientError.unauthorized',
      error: 'No auth token'
    },
    status: 401
  },
  level: 'error',
  message: 'http.clientError.unauthorized',
  timestamp: '2023-04-04T08:11:01.895Z'
}
{
  _id: '53bdce7b-0ddb-4b0a-8eb3-a9b5ea46d30f',
  class: 'UserController',
  function: 'refresh',
  path: '/api/v1/user/refresh',
  data: UnauthorizedException: http.clientError.unauthorized
      at JwtRefreshGuard.handleRequest (/Users/mac/Downloads/apec.minigame.api-develop/src/common/auth/guards/jwt-refresh/auth.jwt-refresh.guard.ts:13:19)
      at /Users/mac/Downloads/apec.minigame.api-develop/node_modules/@nestjs/passport/dist/auth.guard.js:49:128
      at /Users/mac/Downloads/apec.minigame.api-develop/node_modules/@nestjs/passport/dist/auth.guard.js:91:24
      at allFailed (/Users/mac/Downloads/apec.minigame.api-develop/node_modules/passport/lib/middleware/authenticate.js:110:18)
      at attempt (/Users/mac/Downloads/apec.minigame.api-develop/node_modules/passport/lib/middleware/authenticate.js:183:28)
      at JwtRefreshStrategy.strategy.fail (/Users/mac/Downloads/apec.minigame.api-develop/node_modules/passport/lib/middleware/authenticate.js:305:9)
      at JwtRefreshStrategy.JwtStrategy.authenticate (/Users/mac/Downloads/apec.minigame.api-develop/node_modules/passport-jwt/lib/strategy.js:96:21)
      at attempt (/Users/mac/Downloads/apec.minigame.api-develop/node_modules/passport/lib/middleware/authenticate.js:369:16)
      at authenticate (/Users/mac/Downloads/apec.minigame.api-develop/node_modules/passport/lib/middleware/authenticate.js:370:7)
      at /Users/mac/Downloads/apec.minigame.api-develop/node_modules/@nestjs/passport/dist/auth.guard.js:96:3 {
    response: {
      statusCode: 5101,
      message: 'http.clientError.unauthorized',
      error: 'No auth token'
    },
    status: 401
  },
  level: 'error',
  message: 'http.clientError.unauthorized',
  timestamp: '2023-04-04T08:11:23.316Z'
}
