{
  _id: '7ac4dc05-5334-46f5-8aef-66d8034d2999',
  class: 'StockAdminController',
  function: 'createStock',
  path: '/api/v1/admin/stock/create',
  data: InternalServerErrorException: http.serverError.internalServerError
      at StockAdminController.createStock (/Users/mac/Downloads/apec.minigame.api-develop/src/modules/stock/controllers/stock.admin.controller.ts:212:15)
      at processTicksAndRejections (node:internal/process/task_queues:95:5) {
    response: {
      statusCode: 5990,
      message: 'http.serverError.internalServerError',
      error: 'E11000 duplicate key error collection: db_pm.stocks index: stockCode_1 dup key: { stockCode: "string" }'
    },
    status: 500
  },
  level: 'error',
  message: 'http.serverError.internalServerError',
  timestamp: '2023-04-16T09:03:39.930Z'
}
{
  _id: 'bd737ed8-4415-4383-8d24-228a9defad58',
  class: 'StockAdminController',
  function: 'createStock',
  path: '/api/v1/admin/stock/create',
  data: InternalServerErrorException: http.serverError.internalServerError
      at StockAdminController.createStock (/Users/mac/Downloads/apec.minigame.api-develop/src/modules/stock/controllers/stock.admin.controller.ts:212:15)
      at processTicksAndRejections (node:internal/process/task_queues:95:5) {
    response: {
      statusCode: 5990,
      message: 'http.serverError.internalServerError',
      error: 'E11000 duplicate key error collection: db_pm.stocks index: stockCode_1 dup key: { stockCode: "string" }'
    },
    status: 500
  },
  level: 'error',
  message: 'http.serverError.internalServerError',
  timestamp: '2023-04-16T09:04:26.179Z'
}
{
  _id: '3ffe1543-8c0b-4818-b2db-4548fa45b632',
  class: 'ErrorHttpFilter',
  function: 'catch',
  path: '/api/v1/admin/stock/create',
  data: NotFoundException: Cannot GET /api/v1/admin/stock/create
      at callback (/Users/mac/Downloads/apec.minigame.api-develop/node_modules/@nestjs/core/router/routes-resolver.js:77:19)
      at /Users/mac/Downloads/apec.minigame.api-develop/node_modules/@nestjs/core/router/router-proxy.js:9:23
      at Layer.handle [as handle_request] (/Users/mac/Downloads/apec.minigame.api-develop/node_modules/express/lib/router/layer.js:95:5)
      at trim_prefix (/Users/mac/Downloads/apec.minigame.api-develop/node_modules/express/lib/router/index.js:328:13)
      at /Users/mac/Downloads/apec.minigame.api-develop/node_modules/express/lib/router/index.js:286:9
      at Function.process_params (/Users/mac/Downloads/apec.minigame.api-develop/node_modules/express/lib/router/index.js:346:12)
      at next (/Users/mac/Downloads/apec.minigame.api-develop/node_modules/express/lib/router/index.js:280:10)
      at I18nMiddleware.use (/Users/mac/Downloads/apec.minigame.api-develop/node_modules/nestjs-i18n/src/middlewares/i18n.middleware.ts:63:5)
      at processTicksAndRejections (node:internal/process/task_queues:95:5)
      at /Users/mac/Downloads/apec.minigame.api-develop/node_modules/@nestjs/core/router/router-proxy.js:9:17 {
    response: {
      statusCode: 404,
      message: 'Cannot GET /api/v1/admin/stock/create',
      error: 'Not Found'
    },
    status: 404
  },
  level: 'error',
  message: 'Cannot GET /api/v1/admin/stock/create',
  timestamp: '2023-04-16T09:05:04.208Z'
}
{
  _id: 'b8fb20b3-1ffb-465d-a5c8-479d9ad8649a',
  class: 'StockAdminController',
  function: 'createStock',
  path: '/api/v1/admin/stock/create',
  data: InternalServerErrorException: http.serverError.internalServerError
      at StockAdminController.createStock (/Users/mac/Downloads/apec.minigame.api-develop/src/modules/stock/controllers/stock.admin.controller.ts:212:15)
      at processTicksAndRejections (node:internal/process/task_queues:95:5) {
    response: {
      statusCode: 5990,
      message: 'http.serverError.internalServerError',
      error: 'E11000 duplicate key error collection: db_pm.stocks index: taskId_1 dup key: { taskId: null }'
    },
    status: 500
  },
  level: 'error',
  message: 'http.serverError.internalServerError',
  timestamp: '2023-04-16T09:09:03.451Z'
}
{
  _id: '8c76fe15-c3a5-4ff9-a073-b4759aa56a5a',
  class: 'StockAdminController',
  function: 'createStock',
  path: '/api/v1/admin/stock/create',
  data: InternalServerErrorException: http.serverError.internalServerError
      at StockAdminController.createStock (/Users/mac/Downloads/apec.minigame.api-develop/src/modules/stock/controllers/stock.admin.controller.ts:212:15)
      at processTicksAndRejections (node:internal/process/task_queues:95:5) {
    response: {
      statusCode: 5990,
      message: 'http.serverError.internalServerError',
      error: 'E11000 duplicate key error collection: db_pm.stocks index: taskId_1 dup key: { taskId: null }'
    },
    status: 500
  },
  level: 'error',
  message: 'http.serverError.internalServerError',
  timestamp: '2023-04-16T09:09:32.413Z'
}
{
  _id: 'e5dc7bdf-b981-4631-9910-3854b6edd77e',
  class: 'StockAdminController',
  function: 'createStock',
  path: '/api/v1/admin/stock/create',
  data: InternalServerErrorException: http.serverError.internalServerError
      at StockAdminController.createStock (/Users/mac/Downloads/apec.minigame.api-develop/src/modules/stock/controllers/stock.admin.controller.ts:212:15)
      at processTicksAndRejections (node:internal/process/task_queues:95:5) {
    response: {
      statusCode: 5990,
      message: 'http.serverError.internalServerError',
      error: 'E11000 duplicate key error collection: db_pm.stocks index: stockCode_1 dup key: { stockCode: "ht1" }'
    },
    status: 500
  },
  level: 'error',
  message: 'http.serverError.internalServerError',
  timestamp: '2023-04-16T09:24:48.984Z'
}
{
  _id: 'aad4ed7f-15ea-4a8d-925c-4412256b0616',
  class: 'StockAdminController',
  function: 'delete',
  path: '/api/v1/admin/stock/delete/2fce32c63790fd337095b93a',
  data: InternalServerErrorException: http.serverError.internalServerError
      at StockAdminController.delete (/Users/mac/Downloads/apec.minigame.api-develop/src/modules/stock/controllers/stock.admin.controller.ts:323:15)
      at /Users/mac/Downloads/apec.minigame.api-develop/node_modules/@nestjs/core/router/router-execution-context.js:38:29
      at processTicksAndRejections (node:internal/process/task_queues:95:5) {
    response: {
      statusCode: 5990,
      message: 'http.serverError.internalServerError',
      error: "Cannot read properties of undefined (reading '_id')"
    },
    status: 500
  },
  level: 'error',
  message: 'http.serverError.internalServerError',
  timestamp: '2023-04-16T09:27:34.418Z'
}
{
  _id: '64736cf8-b1d8-456b-a5d1-5682e80c9c04',
  class: 'StockAdminController',
  function: 'delete',
  path: '/api/v1/admin/stock/delete/2fce32c63790fd337095b93a',
  data: InternalServerErrorException: http.serverError.internalServerError
      at StockAdminController.delete (/Users/mac/Downloads/apec.minigame.api-develop/src/modules/stock/controllers/stock.admin.controller.ts:323:15)
      at /Users/mac/Downloads/apec.minigame.api-develop/node_modules/@nestjs/core/router/router-execution-context.js:38:29
      at processTicksAndRejections (node:internal/process/task_queues:95:5) {
    response: {
      statusCode: 5990,
      message: 'http.serverError.internalServerError',
      error: "Cannot read properties of undefined (reading '_id')"
    },
    status: 500
  },
  level: 'error',
  message: 'http.serverError.internalServerError',
  timestamp: '2023-04-16T09:27:49.884Z'
}
{
  _id: '558ebaa7-907e-4d8f-abc9-62e019065d13',
  class: 'StockAdminController',
  function: 'createStock',
  path: '/api/v1/admin/stock/create',
  data: InternalServerErrorException: http.serverError.internalServerError
      at StockAdminController.createStock (/Users/mac/Downloads/apec.minigame.api-develop/src/modules/stock/controllers/stock.admin.controller.ts:212:15)
      at processTicksAndRejections (node:internal/process/task_queues:95:5) {
    response: {
      statusCode: 5990,
      message: 'http.serverError.internalServerError',
      error: 'E11000 duplicate key error collection: db_pm.stocks index: stockCode_1 dup key: { stockCode: "ht1" }'
    },
    status: 500
  },
  level: 'error',
  message: 'http.serverError.internalServerError',
  timestamp: '2023-04-16T09:28:15.393Z'
}
{
  _id: 'db1d9055-a7f9-4545-ab22-f7848b6ca56d',
  class: 'StockAdminController',
  function: 'createStock',
  path: '/api/v1/admin/stock/create',
  data: InternalServerErrorException: http.serverError.internalServerError
      at StockAdminController.createStock (/Users/mac/Downloads/apec.minigame.api-develop/src/modules/stock/controllers/stock.admin.controller.ts:212:15)
      at processTicksAndRejections (node:internal/process/task_queues:95:5) {
    response: {
      statusCode: 5990,
      message: 'http.serverError.internalServerError',
      error: 'E11000 duplicate key error collection: db_pm.stocks index: taskId_1 dup key: { taskId: null }'
    },
    status: 500
  },
  level: 'error',
  message: 'http.serverError.internalServerError',
  timestamp: '2023-04-16T09:30:35.175Z'
}
{
  _id: 'be23d40e-ac13-4278-aaac-d5b46c985160',
  class: 'StockAdminController',
  function: 'createStock',
  path: '/api/v1/admin/stock/create',
  data: InternalServerErrorException: http.serverError.internalServerError
      at StockAdminController.createStock (/Users/mac/Downloads/apec.minigame.api-develop/src/modules/stock/controllers/stock.admin.controller.ts:212:15)
      at processTicksAndRejections (node:internal/process/task_queues:95:5) {
    response: {
      statusCode: 5990,
      message: 'http.serverError.internalServerError',
      error: 'E11000 duplicate key error collection: db_pm.stocks index: taskId_1 dup key: { taskId: null }'
    },
    status: 500
  },
  level: 'error',
  message: 'http.serverError.internalServerError',
  timestamp: '2023-04-16T09:31:40.803Z'
}
{
  _id: 'cd4192d2-c1e4-4bf5-b622-ee0d553af874',
  class: 'StockAdminController',
  function: 'createStock',
  path: '/api/v1/admin/stock/create',
  data: InternalServerErrorException: http.serverError.internalServerError
      at StockAdminController.createStock (/Users/mac/Downloads/apec.minigame.api-develop/src/modules/stock/controllers/stock.admin.controller.ts:212:15)
      at processTicksAndRejections (node:internal/process/task_queues:95:5) {
    response: {
      statusCode: 5990,
      message: 'http.serverError.internalServerError',
      error: 'E11000 duplicate key error collection: db_pm.stocks index: taskId_1 dup key: { taskId: null }'
    },
    status: 500
  },
  level: 'error',
  message: 'http.serverError.internalServerError',
  timestamp: '2023-04-16T09:32:14.486Z'
}
