{
  _id: 'bc719c9d-044f-416e-bd8f-4f62be6252d5',
  class: 'RoleAdminController',
  function: 'update',
  path: '/api/v1/admin/role/update/baf6f6005420fe705cebedc5',
  data: UnprocessableEntityException: http.clientError.unprocessableEntity
      at ValidationPipe.exceptionFactory (/Users/mac/Downloads/apec.minigame.api-develop/src/common/request/request.module.ts:37:25)
      at ValidationPipe.transform (/Users/mac/Downloads/apec.minigame.api-develop/node_modules/@nestjs/common/pipes/validation.pipe.js:66:30)
      at processTicksAndRejections (internal/process/task_queues.js:93:5)
      at resolveParamValue (/Users/mac/Downloads/apec.minigame.api-develop/node_modules/@nestjs/core/router/router-execution-context.js:147:23)
      at async Promise.all (index 0)
      at pipesFn (/Users/mac/Downloads/apec.minigame.api-develop/node_modules/@nestjs/core/router/router-execution-context.js:150:13)
      at /Users/mac/Downloads/apec.minigame.api-develop/node_modules/@nestjs/core/router/router-execution-context.js:37:30 {
    response: {
      statusCode: 5981,
      message: 'http.clientError.unprocessableEntity',
      errors: [
        ValidationError {
          target: RoleUpdateDto {
            name: 'Customer Infrastructure Producer',
            permissions: [ 'ac3edc74bdcfa53be7202ae7', 'ebc8d6fb6228c4a6ec58f959' ],
            accessFor: 'ADMIN'
          },
          value: 'Customer Infrastructure Producer',
          property: 'name',
          children: [],
          constraints: {
            maxLength: 'name must be shorter than or equal to 30 characters'
          }
        }
      ]
    },
    status: 422
  },
  level: 'error',
  message: 'http.clientError.unprocessableEntity',
  timestamp: '2023-04-12T06:31:13.367Z'
}
{
  _id: 'a0701570-ed86-4bf6-a4b8-233fcc5a800b',
  class: 'StockAdminController',
  function: 'createStock',
  path: '/api/v1/admin/stock/create',
  data: BadRequestException: stock.error.exist
      at StockAdminController.createStock (/Users/mac/Downloads/apec.minigame.api-develop/src/modules/stock/controllers/stock.admin.controller.ts:163:15)
      at processTicksAndRejections (internal/process/task_queues.js:93:5) {
    response: { statusCode: 5502, message: 'stock.error.exist' },
    status: 400
  },
  level: 'error',
  message: 'stock.error.exist',
  timestamp: '2023-04-12T06:31:47.472Z'
}
{
  _id: 'b266b465-f4ce-4afe-8f7b-941aa7b79d8a',
  class: 'StockAdminController',
  function: 'createStock',
  path: '/api/v1/admin/stock/create',
  data: BadRequestException: stock.error.exist
      at StockAdminController.createStock (/Users/mac/Downloads/apec.minigame.api-develop/src/modules/stock/controllers/stock.admin.controller.ts:163:15)
      at processTicksAndRejections (internal/process/task_queues.js:93:5) {
    response: { statusCode: 5502, message: 'stock.error.exist' },
    status: 400
  },
  level: 'error',
  message: 'stock.error.exist',
  timestamp: '2023-04-12T06:33:13.994Z'
}
{
  _id: '66f4ea1e-d9a7-4478-8256-34c6cdef557e',
  class: 'ChartController',
  function: 'takeScreenshot',
  path: '/api/v1/admin/chart',
  data: RequestTimeoutException: http.clientError.requestTimeOut
      at /Users/mac/Downloads/apec.minigame.api-develop/src/common/response/interceptors/response.timeout.interceptor.ts:65:35
      at /Users/mac/Downloads/apec.minigame.api-develop/node_modules/rxjs/src/internal/operators/catchError.ts:117:35
      at OperatorSubscriber._this._error (/Users/mac/Downloads/apec.minigame.api-develop/node_modules/rxjs/src/internal/operators/OperatorSubscriber.ts:79:13)
      at OperatorSubscriber.Subscriber.error (/Users/mac/Downloads/apec.minigame.api-develop/node_modules/rxjs/src/internal/Subscriber.ts:91:12)
      at /Users/mac/Downloads/apec.minigame.api-develop/node_modules/rxjs/src/internal/operators/timeout.ts:356:24
      at AsyncAction.<anonymous> (/Users/mac/Downloads/apec.minigame.api-develop/node_modules/rxjs/src/internal/util/executeSchedule.ts:27:5)
      at AsyncAction._execute (/Users/mac/Downloads/apec.minigame.api-develop/node_modules/rxjs/src/internal/scheduler/AsyncAction.ts:120:12)
      at AsyncAction.execute (/Users/mac/Downloads/apec.minigame.api-develop/node_modules/rxjs/src/internal/scheduler/AsyncAction.ts:95:24)
      at AsyncScheduler.flush (/Users/mac/Downloads/apec.minigame.api-develop/node_modules/rxjs/src/internal/scheduler/AsyncScheduler.ts:40:27)
      at listOnTimeout (internal/timers.js:554:17) {
    response: { statusCode: 5992, message: 'http.clientError.requestTimeOut' },
    status: 408
  },
  level: 'error',
  message: 'http.clientError.requestTimeOut',
  timestamp: '2023-04-12T07:54:41.304Z'
}
{
  _id: '05e8559e-aff2-4fc0-ae38-46f4a90e1d11',
  class: 'ChartController',
  function: 'takeScreenshot',
  path: '/api/v1/admin/chart',
  data: RequestTimeoutException: http.clientError.requestTimeOut
      at /Users/mac/Downloads/apec.minigame.api-develop/src/common/response/interceptors/response.timeout.interceptor.ts:65:35
      at /Users/mac/Downloads/apec.minigame.api-develop/node_modules/rxjs/src/internal/operators/catchError.ts:117:35
      at OperatorSubscriber._this._error (/Users/mac/Downloads/apec.minigame.api-develop/node_modules/rxjs/src/internal/operators/OperatorSubscriber.ts:79:13)
      at OperatorSubscriber.Subscriber.error (/Users/mac/Downloads/apec.minigame.api-develop/node_modules/rxjs/src/internal/Subscriber.ts:91:12)
      at /Users/mac/Downloads/apec.minigame.api-develop/node_modules/rxjs/src/internal/operators/timeout.ts:356:24
      at AsyncAction.<anonymous> (/Users/mac/Downloads/apec.minigame.api-develop/node_modules/rxjs/src/internal/util/executeSchedule.ts:27:5)
      at AsyncAction._execute (/Users/mac/Downloads/apec.minigame.api-develop/node_modules/rxjs/src/internal/scheduler/AsyncAction.ts:120:12)
      at AsyncAction.execute (/Users/mac/Downloads/apec.minigame.api-develop/node_modules/rxjs/src/internal/scheduler/AsyncAction.ts:95:24)
      at AsyncScheduler.flush (/Users/mac/Downloads/apec.minigame.api-develop/node_modules/rxjs/src/internal/scheduler/AsyncScheduler.ts:40:27)
      at listOnTimeout (internal/timers.js:554:17) {
    response: { statusCode: 5992, message: 'http.clientError.requestTimeOut' },
    status: 408
  },
  level: 'error',
  message: 'http.clientError.requestTimeOut',
  timestamp: '2023-04-12T07:55:43.834Z'
}
{
  _id: '90c333c7-7169-46ff-9ffa-bff387056ae0',
  class: 'ChartController',
  function: 'takeScreenshot',
  path: '/api/v1/admin/chart',
  data: RequestTimeoutException: http.clientError.requestTimeOut
      at /Users/mac/Downloads/apec.minigame.api-develop/src/common/response/interceptors/response.timeout.interceptor.ts:65:35
      at /Users/mac/Downloads/apec.minigame.api-develop/node_modules/rxjs/src/internal/operators/catchError.ts:117:35
      at OperatorSubscriber._this._error (/Users/mac/Downloads/apec.minigame.api-develop/node_modules/rxjs/src/internal/operators/OperatorSubscriber.ts:79:13)
      at OperatorSubscriber.Subscriber.error (/Users/mac/Downloads/apec.minigame.api-develop/node_modules/rxjs/src/internal/Subscriber.ts:91:12)
      at /Users/mac/Downloads/apec.minigame.api-develop/node_modules/rxjs/src/internal/operators/timeout.ts:356:24
      at AsyncAction.<anonymous> (/Users/mac/Downloads/apec.minigame.api-develop/node_modules/rxjs/src/internal/util/executeSchedule.ts:27:5)
      at AsyncAction._execute (/Users/mac/Downloads/apec.minigame.api-develop/node_modules/rxjs/src/internal/scheduler/AsyncAction.ts:120:12)
      at AsyncAction.execute (/Users/mac/Downloads/apec.minigame.api-develop/node_modules/rxjs/src/internal/scheduler/AsyncAction.ts:95:24)
      at AsyncScheduler.flush (/Users/mac/Downloads/apec.minigame.api-develop/node_modules/rxjs/src/internal/scheduler/AsyncScheduler.ts:40:27)
      at listOnTimeout (internal/timers.js:554:17) {
    response: { statusCode: 5992, message: 'http.clientError.requestTimeOut' },
    status: 408
  },
  level: 'error',
  message: 'http.clientError.requestTimeOut',
  timestamp: '2023-04-12T07:56:06.025Z'
}
{
  _id: '7e3ad365-eb4c-431b-8da2-9c0ce047b887',
  class: 'ChartController',
  function: 'takeScreenshot',
  path: '/api/v1/admin/chart',
  data: RequestTimeoutException: http.clientError.requestTimeOut
      at /Users/mac/Downloads/apec.minigame.api-develop/src/common/response/interceptors/response.timeout.interceptor.ts:65:35
      at /Users/mac/Downloads/apec.minigame.api-develop/node_modules/rxjs/src/internal/operators/catchError.ts:117:35
      at OperatorSubscriber._this._error (/Users/mac/Downloads/apec.minigame.api-develop/node_modules/rxjs/src/internal/operators/OperatorSubscriber.ts:79:13)
      at OperatorSubscriber.Subscriber.error (/Users/mac/Downloads/apec.minigame.api-develop/node_modules/rxjs/src/internal/Subscriber.ts:91:12)
      at /Users/mac/Downloads/apec.minigame.api-develop/node_modules/rxjs/src/internal/operators/timeout.ts:356:24
      at AsyncAction.<anonymous> (/Users/mac/Downloads/apec.minigame.api-develop/node_modules/rxjs/src/internal/util/executeSchedule.ts:27:5)
      at AsyncAction._execute (/Users/mac/Downloads/apec.minigame.api-develop/node_modules/rxjs/src/internal/scheduler/AsyncAction.ts:120:12)
      at AsyncAction.execute (/Users/mac/Downloads/apec.minigame.api-develop/node_modules/rxjs/src/internal/scheduler/AsyncAction.ts:95:24)
      at AsyncScheduler.flush (/Users/mac/Downloads/apec.minigame.api-develop/node_modules/rxjs/src/internal/scheduler/AsyncScheduler.ts:40:27)
      at listOnTimeout (internal/timers.js:554:17) {
    response: { statusCode: 5992, message: 'http.clientError.requestTimeOut' },
    status: 408
  },
  level: 'error',
  message: 'http.clientError.requestTimeOut',
  timestamp: '2023-04-12T07:57:31.388Z'
}
{
  _id: '161e3286-9831-4b1a-8210-b02edebb4db0',
  class: 'ChartController',
  function: 'takeScreenshot',
  path: '/api/v1/admin/chart',
  data: RequestTimeoutException: http.clientError.requestTimeOut
      at /Users/mac/Downloads/apec.minigame.api-develop/src/common/response/interceptors/response.timeout.interceptor.ts:65:35
      at /Users/mac/Downloads/apec.minigame.api-develop/node_modules/rxjs/src/internal/operators/catchError.ts:117:35
      at OperatorSubscriber._this._error (/Users/mac/Downloads/apec.minigame.api-develop/node_modules/rxjs/src/internal/operators/OperatorSubscriber.ts:79:13)
      at OperatorSubscriber.Subscriber.error (/Users/mac/Downloads/apec.minigame.api-develop/node_modules/rxjs/src/internal/Subscriber.ts:91:12)
      at /Users/mac/Downloads/apec.minigame.api-develop/node_modules/rxjs/src/internal/operators/timeout.ts:356:24
      at AsyncAction.<anonymous> (/Users/mac/Downloads/apec.minigame.api-develop/node_modules/rxjs/src/internal/util/executeSchedule.ts:27:5)
      at AsyncAction._execute (/Users/mac/Downloads/apec.minigame.api-develop/node_modules/rxjs/src/internal/scheduler/AsyncAction.ts:120:12)
      at AsyncAction.execute (/Users/mac/Downloads/apec.minigame.api-develop/node_modules/rxjs/src/internal/scheduler/AsyncAction.ts:95:24)
      at AsyncScheduler.flush (/Users/mac/Downloads/apec.minigame.api-develop/node_modules/rxjs/src/internal/scheduler/AsyncScheduler.ts:40:27)
      at listOnTimeout (internal/timers.js:554:17) {
    response: { statusCode: 5992, message: 'http.clientError.requestTimeOut' },
    status: 408
  },
  level: 'error',
  message: 'http.clientError.requestTimeOut',
  timestamp: '2023-04-12T08:01:32.106Z'
}
{
  _id: '2be9dded-8fbc-448c-a478-7f32a87b47cb',
  class: 'StockAdminController',
  function: 'createStock',
  path: '/api/v1/admin/stock/create',
  data: BadRequestException: stock.error.exist
      at StockAdminController.createStock (/Users/mac/Downloads/apec.minigame.api-develop/src/modules/stock/controllers/stock.admin.controller.ts:163:15)
      at processTicksAndRejections (internal/process/task_queues.js:93:5) {
    response: { statusCode: 5502, message: 'stock.error.exist' },
    status: 400
  },
  level: 'error',
  message: 'stock.error.exist',
  timestamp: '2023-04-12T08:39:49.602Z'
}
{
  _id: '1d0432ea-13af-44fb-92cf-b3bec45e05ef',
  class: 'ChartController',
  function: 'takeScreenshot',
  path: '/api/v1/admin/chart',
  data: RequestTimeoutException: http.clientError.requestTimeOut
      at /Users/mac/Downloads/apec.minigame.api-develop/src/common/response/interceptors/response.timeout.interceptor.ts:65:35
      at /Users/mac/Downloads/apec.minigame.api-develop/node_modules/rxjs/src/internal/operators/catchError.ts:117:35
      at OperatorSubscriber._this._error (/Users/mac/Downloads/apec.minigame.api-develop/node_modules/rxjs/src/internal/operators/OperatorSubscriber.ts:79:13)
      at OperatorSubscriber.Subscriber.error (/Users/mac/Downloads/apec.minigame.api-develop/node_modules/rxjs/src/internal/Subscriber.ts:91:12)
      at /Users/mac/Downloads/apec.minigame.api-develop/node_modules/rxjs/src/internal/operators/timeout.ts:356:24
      at AsyncAction.<anonymous> (/Users/mac/Downloads/apec.minigame.api-develop/node_modules/rxjs/src/internal/util/executeSchedule.ts:27:5)
      at AsyncAction._execute (/Users/mac/Downloads/apec.minigame.api-develop/node_modules/rxjs/src/internal/scheduler/AsyncAction.ts:120:12)
      at AsyncAction.execute (/Users/mac/Downloads/apec.minigame.api-develop/node_modules/rxjs/src/internal/scheduler/AsyncAction.ts:95:24)
      at AsyncScheduler.flush (/Users/mac/Downloads/apec.minigame.api-develop/node_modules/rxjs/src/internal/scheduler/AsyncScheduler.ts:40:27)
      at listOnTimeout (internal/timers.js:554:17) {
    response: { statusCode: 5992, message: 'http.clientError.requestTimeOut' },
    status: 408
  },
  level: 'error',
  message: 'http.clientError.requestTimeOut',
  timestamp: '2023-04-12T09:14:46.664Z'
}
{
  _id: 'c68c0572-27bd-497d-b92d-fb73224e35c2',
  class: 'ChartController',
  function: 'takeScreenshot',
  path: '/api/v1/admin/chart',
  data: RequestTimeoutException: http.clientError.requestTimeOut
      at /Users/mac/Downloads/apec.minigame.api-develop/src/common/response/interceptors/response.timeout.interceptor.ts:65:35
      at /Users/mac/Downloads/apec.minigame.api-develop/node_modules/rxjs/src/internal/operators/catchError.ts:117:35
      at OperatorSubscriber._this._error (/Users/mac/Downloads/apec.minigame.api-develop/node_modules/rxjs/src/internal/operators/OperatorSubscriber.ts:79:13)
      at OperatorSubscriber.Subscriber.error (/Users/mac/Downloads/apec.minigame.api-develop/node_modules/rxjs/src/internal/Subscriber.ts:91:12)
      at /Users/mac/Downloads/apec.minigame.api-develop/node_modules/rxjs/src/internal/operators/timeout.ts:356:24
      at AsyncAction.<anonymous> (/Users/mac/Downloads/apec.minigame.api-develop/node_modules/rxjs/src/internal/util/executeSchedule.ts:27:5)
      at AsyncAction._execute (/Users/mac/Downloads/apec.minigame.api-develop/node_modules/rxjs/src/internal/scheduler/AsyncAction.ts:120:12)
      at AsyncAction.execute (/Users/mac/Downloads/apec.minigame.api-develop/node_modules/rxjs/src/internal/scheduler/AsyncAction.ts:95:24)
      at AsyncScheduler.flush (/Users/mac/Downloads/apec.minigame.api-develop/node_modules/rxjs/src/internal/scheduler/AsyncScheduler.ts:40:27)
      at listOnTimeout (internal/timers.js:554:17) {
    response: { statusCode: 5992, message: 'http.clientError.requestTimeOut' },
    status: 408
  },
  level: 'error',
  message: 'http.clientError.requestTimeOut',
  timestamp: '2023-04-12T09:44:33.270Z'
}
{
  _id: 'd270407f-fc70-4809-9cb4-052101520eed',
  class: 'StockAdminController',
  function: 'createStock',
  path: '/api/v1/admin/stock/create',
  data: BadRequestException: stock.error.exist
      at StockAdminController.createStock (/Users/mac/Downloads/apec.minigame.api-develop/src/modules/stock/controllers/stock.admin.controller.ts:165:15)
      at processTicksAndRejections (internal/process/task_queues.js:93:5) {
    response: { statusCode: 5502, message: 'stock.error.exist' },
    status: 400
  },
  level: 'error',
  message: 'stock.error.exist',
  timestamp: '2023-04-12T09:46:25.325Z'
}
{
  _id: '962116b0-7947-4b5b-a119-3525aab58f19',
  class: 'StockAdminController',
  function: 'createStock',
  path: '/api/v1/admin/stock/create',
  data: BadRequestException: stock.error.exist
      at StockAdminController.createStock (/Users/mac/Downloads/apec.minigame.api-develop/src/modules/stock/controllers/stock.admin.controller.ts:165:15)
      at processTicksAndRejections (internal/process/task_queues.js:93:5) {
    response: { statusCode: 5502, message: 'stock.error.exist' },
    status: 400
  },
  level: 'error',
  message: 'stock.error.exist',
  timestamp: '2023-04-12T09:52:42.650Z'
}
{
  _id: '270dd1ac-0d09-4406-b24c-e19e8e9335b6',
  class: 'StockAdminController',
  function: 'createStock',
  path: '/api/v1/admin/stock/create',
  data: InternalServerErrorException: http.serverError.internalServerError
      at StockAdminController.createStock (/Users/mac/Downloads/apec.minigame.api-develop/src/modules/stock/controllers/stock.admin.controller.ts:198:15)
      at processTicksAndRejections (internal/process/task_queues.js:93:5) {
    response: {
      statusCode: 5990,
      message: 'http.serverError.internalServerError',
      error: 'E11000 duplicate key error collection: db_pm.stocks index: stockCode_1 dup key: { stockCode: "string" }'
    },
    status: 500
  },
  level: 'error',
  message: 'http.serverError.internalServerError',
  timestamp: '2023-04-12T09:54:08.802Z'
}
{
  _id: 'c91828df-f811-4c07-bc1f-8a050a7a1fff',
  class: 'StockAdminController',
  function: 'createStock',
  path: '/api/v1/admin/stock/create',
  data: InternalServerErrorException: http.serverError.internalServerError
      at StockAdminController.createStock (/Users/mac/Downloads/apec.minigame.api-develop/src/modules/stock/controllers/stock.admin.controller.ts:198:15)
      at processTicksAndRejections (internal/process/task_queues.js:93:5) {
    response: {
      statusCode: 5990,
      message: 'http.serverError.internalServerError',
      error: 'E11000 duplicate key error collection: db_pm.stocks index: stockCode_1 dup key: { stockCode: "string" }'
    },
    status: 500
  },
  level: 'error',
  message: 'http.serverError.internalServerError',
  timestamp: '2023-04-12T09:56:11.270Z'
}
{
  _id: '03642c21-5184-4925-a587-3f18499fad5b',
  class: 'ErrorHttpFilter',
  function: 'catch',
  path: '/api/v1/admin/stock/create',
  data: NotFoundException: Cannot GET /api/v1/admin/stock/create
      at callback (/Users/mac/Downloads/apec.minigame.api-develop/node_modules/@nestjs/core/router/routes-resolver.js:77:19)
      at /Users/mac/Downloads/apec.minigame.api-develop/node_modules/@nestjs/core/router/router-proxy.js:9:23
      at Layer.handle [as handle_request] (/Users/mac/Downloads/apec.minigame.api-develop/node_modules/express/lib/router/layer.js:95:5)
      at trim_prefix (/Users/mac/Downloads/apec.minigame.api-develop/node_modules/express/lib/router/index.js:328:13)
      at /Users/mac/Downloads/apec.minigame.api-develop/node_modules/express/lib/router/index.js:286:9
      at Function.process_params (/Users/mac/Downloads/apec.minigame.api-develop/node_modules/express/lib/router/index.js:346:12)
      at next (/Users/mac/Downloads/apec.minigame.api-develop/node_modules/express/lib/router/index.js:280:10)
      at I18nMiddleware.use (/Users/mac/Downloads/apec.minigame.api-develop/node_modules/nestjs-i18n/src/middlewares/i18n.middleware.ts:63:5)
      at processTicksAndRejections (internal/process/task_queues.js:93:5)
      at /Users/mac/Downloads/apec.minigame.api-develop/node_modules/@nestjs/core/router/router-proxy.js:9:17 {
    response: {
      statusCode: 404,
      message: 'Cannot GET /api/v1/admin/stock/create',
      error: 'Not Found'
    },
    status: 404
  },
  level: 'error',
  message: 'Cannot GET /api/v1/admin/stock/create',
  timestamp: '2023-04-12T09:56:58.959Z'
}
{
  _id: '205b0918-96df-416a-afc3-e8211ad6f203',
  class: 'ChartController',
  function: 'takeScreenshot',
  path: '/api/v1/admin/chart',
  data: RequestTimeoutException: http.clientError.requestTimeOut
      at /Users/mac/Downloads/apec.minigame.api-develop/src/common/response/interceptors/response.timeout.interceptor.ts:65:35
      at /Users/mac/Downloads/apec.minigame.api-develop/node_modules/rxjs/src/internal/operators/catchError.ts:117:35
      at OperatorSubscriber._this._error (/Users/mac/Downloads/apec.minigame.api-develop/node_modules/rxjs/src/internal/operators/OperatorSubscriber.ts:79:13)
      at OperatorSubscriber.Subscriber.error (/Users/mac/Downloads/apec.minigame.api-develop/node_modules/rxjs/src/internal/Subscriber.ts:91:12)
      at /Users/mac/Downloads/apec.minigame.api-develop/node_modules/rxjs/src/internal/operators/timeout.ts:356:24
      at AsyncAction.<anonymous> (/Users/mac/Downloads/apec.minigame.api-develop/node_modules/rxjs/src/internal/util/executeSchedule.ts:27:5)
      at AsyncAction._execute (/Users/mac/Downloads/apec.minigame.api-develop/node_modules/rxjs/src/internal/scheduler/AsyncAction.ts:120:12)
      at AsyncAction.execute (/Users/mac/Downloads/apec.minigame.api-develop/node_modules/rxjs/src/internal/scheduler/AsyncAction.ts:95:24)
      at AsyncScheduler.flush (/Users/mac/Downloads/apec.minigame.api-develop/node_modules/rxjs/src/internal/scheduler/AsyncScheduler.ts:40:27)
      at listOnTimeout (internal/timers.js:554:17) {
    response: { statusCode: 5992, message: 'http.clientError.requestTimeOut' },
    status: 408
  },
  level: 'error',
  message: 'http.clientError.requestTimeOut',
  timestamp: '2023-04-12T10:10:30.150Z'
}
{
  _id: 'b19e4f8d-c7cb-4729-b6c2-343ccb0cac6e',
  class: 'ChartController',
  function: 'takeScreenshot',
  path: '/api/v1/admin/chart',
  data: RequestTimeoutException: http.clientError.requestTimeOut
      at /Users/mac/Downloads/apec.minigame.api-develop/src/common/response/interceptors/response.timeout.interceptor.ts:65:35
      at /Users/mac/Downloads/apec.minigame.api-develop/node_modules/rxjs/src/internal/operators/catchError.ts:117:35
      at OperatorSubscriber._this._error (/Users/mac/Downloads/apec.minigame.api-develop/node_modules/rxjs/src/internal/operators/OperatorSubscriber.ts:79:13)
      at OperatorSubscriber.Subscriber.error (/Users/mac/Downloads/apec.minigame.api-develop/node_modules/rxjs/src/internal/Subscriber.ts:91:12)
      at /Users/mac/Downloads/apec.minigame.api-develop/node_modules/rxjs/src/internal/operators/timeout.ts:356:24
      at AsyncAction.<anonymous> (/Users/mac/Downloads/apec.minigame.api-develop/node_modules/rxjs/src/internal/util/executeSchedule.ts:27:5)
      at AsyncAction._execute (/Users/mac/Downloads/apec.minigame.api-develop/node_modules/rxjs/src/internal/scheduler/AsyncAction.ts:120:12)
      at AsyncAction.execute (/Users/mac/Downloads/apec.minigame.api-develop/node_modules/rxjs/src/internal/scheduler/AsyncAction.ts:95:24)
      at AsyncScheduler.flush (/Users/mac/Downloads/apec.minigame.api-develop/node_modules/rxjs/src/internal/scheduler/AsyncScheduler.ts:40:27)
      at listOnTimeout (internal/timers.js:554:17) {
    response: { statusCode: 5992, message: 'http.clientError.requestTimeOut' },
    status: 408
  },
  level: 'error',
  message: 'http.clientError.requestTimeOut',
  timestamp: '2023-04-12T10:17:11.594Z'
}
